Using pre-set license
Built from '2020.2/staging' branch; Version is '2020.2.5f1 (e2c53f129de5) revision 14861631'; Using compiler version '192528614'; Build Type 'Release'
OS: 'Windows 10 Pro; OS build 19042.1466; Version 2009; 64bit' Language: 'ja' Physical Memory: 65377 MB
BatchMode: 1, IsHumanControllingUs: 0, StartBugReporterOnCrash: 0, Is64bit: 1, IsPro: 0

 COMMAND LINE ARGUMENTS:
C:\Program Files\Unity\Hub\Editor\2020.2.5f1\Editor\Unity.exe
-adb2
-batchMode
-noUpm
-name
AssetImportWorker0
-projectPath
C:/Users/watos/OneDrive/ドキュメント/GitHub/LetsGoVillage_ver2/Lets_go_Village
-logFile
Logs/AssetImportWorker0.log
-srvPort
56870
Successfully changed project path to: C:/Users/watos/OneDrive/ドキュメント/GitHub/LetsGoVillage_ver2/Lets_go_Village
C:/Users/watos/OneDrive/ドキュメント/GitHub/LetsGoVillage_ver2/Lets_go_Village
Using Asset Import Pipeline V2.
Refreshing native plugins compatible for Editor in 111.51 ms, found 1 plugins.
Preloading 0 native plugins for Editor in 0.00 ms.
Initialize engine version: 2020.2.5f1 (e2c53f129de5)
[Subsystems] Discovering subsystems at path C:/Program Files/Unity/Hub/Editor/2020.2.5f1/Editor/Data/Resources/UnitySubsystems
[Subsystems] Discovering subsystems at path C:/Users/watos/OneDrive/ドキュメント/GitHub/LetsGoVillage_ver2/Lets_go_Village/Assets
GfxDevice: creating device client; threaded=0
Direct3D:
    Version:  Direct3D 11.0 [level 11.1]
    Renderer: NVIDIA GeForce RTX 2060 (ID=0x1f11)
    Vendor:   
    VRAM:     5980 MB
    Driver:   27.21.14.5206
Shader 'Universal Render Pipeline/Particles/Lit': fallback shader 'Universal Render Pipeline/Particles/SimpleLit' not found
Initialize mono
Mono path[0] = 'C:/Program Files/Unity/Hub/Editor/2020.2.5f1/Editor/Data/Managed'
Mono path[1] = 'C:/Program Files/Unity/Hub/Editor/2020.2.5f1/Editor/Data/MonoBleedingEdge/lib/mono/unityjit'
Mono config path = 'C:/Program Files/Unity/Hub/Editor/2020.2.5f1/Editor/Data/MonoBleedingEdge/etc'
Using monoOptions --debugger-agent=transport=dt_socket,embedding=1,server=y,suspend=n,address=127.0.0.1:56204
Begin MonoManager ReloadAssembly
Registering precompiled unity dll's ...
Register platform support module: C:/Program Files/Unity/Hub/Editor/2020.2.5f1/Editor/Data/PlaybackEngines/WindowsStandaloneSupport/UnityEditor.WindowsStandalone.Extensions.dll
Registered in 0.005313 seconds.
Native extension for WindowsStandalone target not found
Refreshing native plugins compatible for Editor in 72.85 ms, found 1 plugins.
Preloading 0 native plugins for Editor in 0.00 ms.
Invoked RoslynAnalysisRunner static constructor.
RoslynAnalysisRunner will not be running.
RoslynAnalysisRunner has terminated.
Mono: successfully reloaded assembly
- Completed reload, in  2.954 seconds
Platform modules already initialized, skipping
Registering precompiled user dll's ...
Registered in 0.004340 seconds.
Begin MonoManager ReloadAssembly
Native extension for WindowsStandalone target not found
Refreshing native plugins compatible for Editor in 89.64 ms, found 1 plugins.
Preloading 0 native plugins for Editor in 0.00 ms.
Invoked RoslynAnalysisRunner static constructor.
RoslynAnalysisRunner will not be running.
RoslynAnalysisRunner has terminated.
Mono: successfully reloaded assembly
- Completed reload, in  2.022 seconds
Platform modules already initialized, skipping
========================================================================
Worker process is ready to serve import requests
Shader 'Universal Render Pipeline/Particles/Lit': fallback shader 'Universal Render Pipeline/Particles/SimpleLit' not found
Launched and connected shader compiler UnityShaderCompiler.exe after 0.08 seconds
Refreshing native plugins compatible for Editor in 3.67 ms, found 1 plugins.
Preloading 0 native plugins for Editor in 0.00 ms.
Unloading 3149 Unused Serialized files (Serialized files now loaded: 0)
System memory in use before: 152.2 MB.
System memory in use after: 152.4 MB.

Unloading 19 unused Assets to reduce memory usage. Loaded Objects now: 3615.
Total: 3.664100 ms (FindLiveObjects: 0.550600 ms CreateObjectMapping: 0.340800 ms MarkObjects: 2.728900 ms  DeleteObjects: 0.041400 ms)

========================================================================
Received Import Request.
  path: Assets/UniversalRenderPipelineAsset.asset
  artifactKey: Guid(6ba552060c6d8204e82d3dc2eb65f931) Importer(815301076,1909f56bfc062723c751e8b465ee728b)
Start importing Assets/UniversalRenderPipelineAsset.asset using Guid(6ba552060c6d8204e82d3dc2eb65f931) Importer(815301076,1909f56bfc062723c751e8b465ee728b)  -> (artifact id: '6433d606dbcd2c5b7ef4c5479fe94bd0') in 0.086764 seconds
  Import took 0.095484 seconds .

========================================================================
Received Import Request.
  Time since last request: 0.000357 seconds.
  path: Assets/NewShaderVariants.shadervariants
  artifactKey: Guid(b52ee6138fcfc9347b7227f9ba0b1077) Importer(815301076,1909f56bfc062723c751e8b465ee728b)
Start importing Assets/NewShaderVariants.shadervariants using Guid(b52ee6138fcfc9347b7227f9ba0b1077) Importer(815301076,1909f56bfc062723c751e8b465ee728b)  -> (artifact id: '3c70084cf1a8c5d153018bd10f74d327') in 0.007713 seconds
  Import took 0.015493 seconds .

========================================================================
Received Import Request.
  Time since last request: 0.000260 seconds.
  path: Assets/UniversalRenderPipelineAsset_Renderer.asset
  artifactKey: Guid(2d58a168269fe934ab7d4c27fac6b002) Importer(815301076,1909f56bfc062723c751e8b465ee728b)
Start importing Assets/UniversalRenderPipelineAsset_Renderer.asset using Guid(2d58a168269fe934ab7d4c27fac6b002) Importer(815301076,1909f56bfc062723c751e8b465ee728b)  -> (artifact id: 'f605919e0812bf034f7cbf8ddf0b8e03') in 0.004359 seconds
  Import took 0.011501 seconds .

========================================================================
Received Import Request.
  Time since last request: 16.257001 seconds.
  path: Assets/Scenes/Boss_2Scene.unity
  artifactKey: Guid(505e5e64bc6f34f4d91a6a122bc8adc5) Importer(815301076,1909f56bfc062723c751e8b465ee728b)
Start importing Assets/Scenes/Boss_2Scene.unity using Guid(505e5e64bc6f34f4d91a6a122bc8adc5) Importer(815301076,1909f56bfc062723c751e8b465ee728b)  -> (artifact id: 'e5fa76221011664bb30f69923358ecb4') in 0.004346 seconds
  Import took 0.010213 seconds .

========================================================================
Received Import Request.
  Time since last request: 0.000412 seconds.
  path: Assets/Scenes/Boss_2Scene.unity
  artifactKey: Guid(505e5e64bc6f34f4d91a6a122bc8adc5) Importer(815301076,1909f56bfc062723c751e8b465ee728b)
Start importing Assets/Scenes/Boss_2Scene.unity using Guid(505e5e64bc6f34f4d91a6a122bc8adc5) Importer(815301076,1909f56bfc062723c751e8b465ee728b)  -> (artifact id: 'e5fa76221011664bb30f69923358ecb4') in 0.005744 seconds
  Import took 0.013182 seconds .

========================================================================
Received Import Request.
  Time since last request: 2.399906 seconds.
  path: Assets/Scenes/Boss_1Scene.unity
  artifactKey: Guid(796ed72f5c668704db9a0a0d634b9b5d) Importer(815301076,1909f56bfc062723c751e8b465ee728b)
Start importing Assets/Scenes/Boss_1Scene.unity using Guid(796ed72f5c668704db9a0a0d634b9b5d) Importer(815301076,1909f56bfc062723c751e8b465ee728b)  -> (artifact id: '32322645d74d0b1162fddedd29aca33e') in 0.003994 seconds
  Import took 0.011372 seconds .

AssetImportWorkerClient::OnTransportError - code=2 error=End of file
