Using pre-set license
Built from '2020.2/staging' branch; Version is '2020.2.5f1 (e2c53f129de5) revision 14861631'; Using compiler version '192528614'; Build Type 'Release'
OS: 'Windows 10 Home; OS build 19042.1466; Version 2009; 64bit' Language: 'ja' Physical Memory: 32686 MB
BatchMode: 1, IsHumanControllingUs: 0, StartBugReporterOnCrash: 0, Is64bit: 1, IsPro: 0

 COMMAND LINE ARGUMENTS:
D:\unity\2020.2.5f1\Editor\Unity.exe
-adb2
-batchMode
-noUpm
-name
AssetImportWorker1
-projectPath
D:/Desktop/aaa/Lets_go_Village
-logFile
Logs/AssetImportWorker1.log
-srvPort
63463
Successfully changed project path to: D:/Desktop/aaa/Lets_go_Village
D:/Desktop/aaa/Lets_go_Village
Using Asset Import Pipeline V2.
Refreshing native plugins compatible for Editor in 53.25 ms, found 1 plugins.
Preloading 0 native plugins for Editor in 0.00 ms.
Initialize engine version: 2020.2.5f1 (e2c53f129de5)
[Subsystems] Discovering subsystems at path D:/unity/2020.2.5f1/Editor/Data/Resources/UnitySubsystems
[Subsystems] Discovering subsystems at path D:/Desktop/aaa/Lets_go_Village/Assets
GfxDevice: creating device client; threaded=0
Direct3D:
    Version:  Direct3D 11.0 [level 11.1]
    Renderer: NVIDIA GeForce RTX 2070 (ID=0x1f02)
    Vendor:   
    VRAM:     8031 MB
    Driver:   27.21.14.5751
Shader 'Universal Render Pipeline/Particles/Lit': fallback shader 'Universal Render Pipeline/Particles/SimpleLit' not found
Initialize mono
Mono path[0] = 'D:/unity/2020.2.5f1/Editor/Data/Managed'
Mono path[1] = 'D:/unity/2020.2.5f1/Editor/Data/MonoBleedingEdge/lib/mono/unityjit'
Mono config path = 'D:/unity/2020.2.5f1/Editor/Data/MonoBleedingEdge/etc'
Using monoOptions --debugger-agent=transport=dt_socket,embedding=1,server=y,suspend=n,address=127.0.0.1:56000
Begin MonoManager ReloadAssembly
Registering precompiled unity dll's ...
Register platform support module: D:/unity/2020.2.5f1/Editor/Data/PlaybackEngines/MacStandaloneSupport/UnityEditor.OSXStandalone.Extensions.dll
Register platform support module: D:/unity/2020.2.5f1/Editor/Data/PlaybackEngines/WindowsStandaloneSupport/UnityEditor.WindowsStandalone.Extensions.dll
Registered in 0.001016 seconds.
Native extension for WindowsStandalone target not found
Native extension for OSXStandalone target not found
Refreshing native plugins compatible for Editor in 58.04 ms, found 1 plugins.
Preloading 0 native plugins for Editor in 0.00 ms.
Invoked RoslynAnalysisRunner static constructor.
RoslynAnalysisRunner will not be running.
RoslynAnalysisRunner has terminated.
Mono: successfully reloaded assembly
- Completed reload, in  0.824 seconds
Platform modules already initialized, skipping
Registering precompiled user dll's ...
Registered in 0.001045 seconds.
Begin MonoManager ReloadAssembly
Native extension for WindowsStandalone target not found
Native extension for OSXStandalone target not found
Refreshing native plugins compatible for Editor in 56.56 ms, found 1 plugins.
Preloading 0 native plugins for Editor in 0.00 ms.
Invoked RoslynAnalysisRunner static constructor.
RoslynAnalysisRunner will not be running.
RoslynAnalysisRunner has terminated.
Mono: successfully reloaded assembly
- Completed reload, in  0.906 seconds
Platform modules already initialized, skipping
========================================================================
Worker process is ready to serve import requests
Shader 'Universal Render Pipeline/Particles/Lit': fallback shader 'Universal Render Pipeline/Particles/SimpleLit' not found
Launched and connected shader compiler UnityShaderCompiler.exe after 0.10 seconds
Refreshing native plugins compatible for Editor in 0.58 ms, found 1 plugins.
Preloading 0 native plugins for Editor in 0.00 ms.
Unloading 3149 Unused Serialized files (Serialized files now loaded: 0)
System memory in use before: 154.2 MB.
System memory in use after: 154.4 MB.

Unloading 19 unused Assets to reduce memory usage. Loaded Objects now: 3615.
Total: 2.594600 ms (FindLiveObjects: 0.707900 ms CreateObjectMapping: 0.299000 ms MarkObjects: 1.568200 ms  DeleteObjects: 0.018400 ms)

========================================================================
Received Import Request.
  path: Assets/Scripts/PlayerBulletScripts/HAIYORU
  artifactKey: Guid(9e019128d87f2f441bed84512b6f41d5) Importer(815301076,1909f56bfc062723c751e8b465ee728b)
Start importing Assets/Scripts/PlayerBulletScripts/HAIYORU using Guid(9e019128d87f2f441bed84512b6f41d5) Importer(815301076,1909f56bfc062723c751e8b465ee728b)  -> (artifact id: '06975e04305f5e4a6ffdd473ac8f2ebc') in 0.010302 seconds
  Import took 0.015830 seconds .

========================================================================
Received Import Request.
  Time since last request: 1.732337 seconds.
  path: Assets/Scripts/ItemScripts
  artifactKey: Guid(a6dd3553198fa1e488f36514b85dba58) Importer(815301076,1909f56bfc062723c751e8b465ee728b)
Start importing Assets/Scripts/ItemScripts using Guid(a6dd3553198fa1e488f36514b85dba58) Importer(815301076,1909f56bfc062723c751e8b465ee728b)  -> (artifact id: 'b540019b3dd2ba0913034dcf2d3891b9') in 0.006319 seconds
  Import took 0.012004 seconds .

========================================================================
Received Import Request.
  Time since last request: 0.322577 seconds.
  path: Assets/Scripts/PlayerBulletScripts
  artifactKey: Guid(f6c9bdc9a4312b648b163f282d59a44c) Importer(815301076,1909f56bfc062723c751e8b465ee728b)
Start importing Assets/Scripts/PlayerBulletScripts using Guid(f6c9bdc9a4312b648b163f282d59a44c) Importer(815301076,1909f56bfc062723c751e8b465ee728b)  -> (artifact id: '7020870707f4580aa0ed9d45964bb5e6') in 0.027835 seconds
  Import took 0.033262 seconds .

========================================================================
Received Import Request.
  Time since last request: 8.128579 seconds.
  path: Assets/Scripts/PlayerBulletScripts/Bullet_BoomerangScript.cs
  artifactKey: Guid(31f0342947b378d42adf67a2ca448d65) Importer(815301076,1909f56bfc062723c751e8b465ee728b)
Start importing Assets/Scripts/PlayerBulletScripts/Bullet_BoomerangScript.cs using Guid(31f0342947b378d42adf67a2ca448d65) Importer(815301076,1909f56bfc062723c751e8b465ee728b)  -> (artifact id: '2ce2adb01e0a669dd5cda362a33eada3') in 0.019665 seconds
  Import took 0.024328 seconds .

========================================================================
Received Import Request.
  Time since last request: 0.000635 seconds.
  path: Assets/Scripts/PlayerBulletScripts/Bullet_BoomerangScript.cs
  artifactKey: Guid(31f0342947b378d42adf67a2ca448d65) Importer(815301076,1909f56bfc062723c751e8b465ee728b)
Start importing Assets/Scripts/PlayerBulletScripts/Bullet_BoomerangScript.cs using Guid(31f0342947b378d42adf67a2ca448d65) Importer(815301076,1909f56bfc062723c751e8b465ee728b)  -> (artifact id: '2ce2adb01e0a669dd5cda362a33eada3') in 0.001578 seconds
  Import took 0.005689 seconds .

========================================================================
Received Import Request.
  Time since last request: 5.759942 seconds.
  path: Assets/Scripts/PlayerScripts
  artifactKey: Guid(c62d720e146ed7a40ab54763edf65c3a) Importer(815301076,1909f56bfc062723c751e8b465ee728b)
Start importing Assets/Scripts/PlayerScripts using Guid(c62d720e146ed7a40ab54763edf65c3a) Importer(815301076,1909f56bfc062723c751e8b465ee728b)  -> (artifact id: '7c55e39cd59c100ded8fde012fdb8770') in 0.006456 seconds
  Import took 0.011889 seconds .

========================================================================
Received Import Request.
  Time since last request: 0.641593 seconds.
  path: Assets/Scripts/SceneManagerScript
  artifactKey: Guid(459fb122b883c3c44933eca2a3d5c4f9) Importer(815301076,1909f56bfc062723c751e8b465ee728b)
Start importing Assets/Scripts/SceneManagerScript using Guid(459fb122b883c3c44933eca2a3d5c4f9) Importer(815301076,1909f56bfc062723c751e8b465ee728b)  -> (artifact id: 'f1413dcce1495aa63b1f258d3c8e4be0') in 0.006534 seconds
  Import took 0.012213 seconds .

========================================================================
Received Import Request.
  Time since last request: 2.678389 seconds.
  path: Assets/Scripts/PlayerBulletScripts/PlayerBulletManagerScript.cs
  artifactKey: Guid(c60a635c507aeb741803b1118176efc7) Importer(815301076,1909f56bfc062723c751e8b465ee728b)
Start importing Assets/Scripts/PlayerBulletScripts/PlayerBulletManagerScript.cs using Guid(c60a635c507aeb741803b1118176efc7) Importer(815301076,1909f56bfc062723c751e8b465ee728b)  -> (artifact id: '2a2b2cbad605f8f30ed726e96d96d7cd') in 0.007373 seconds
  Import took 0.012899 seconds .

========================================================================
Received Import Request.
  Time since last request: 0.001460 seconds.
  path: Assets/Scripts/PlayerBulletScripts/PlayerBulletManagerScript.cs
  artifactKey: Guid(c60a635c507aeb741803b1118176efc7) Importer(815301076,1909f56bfc062723c751e8b465ee728b)
Start importing Assets/Scripts/PlayerBulletScripts/PlayerBulletManagerScript.cs using Guid(c60a635c507aeb741803b1118176efc7) Importer(815301076,1909f56bfc062723c751e8b465ee728b)  -> (artifact id: '2a2b2cbad605f8f30ed726e96d96d7cd') in 0.001629 seconds
  Import took 0.007190 seconds .

========================================================================
Received Import Request.
  Time since last request: 2.839381 seconds.
  path: Assets/Scripts/PlayerBulletScripts/PlayerBulletAdstract.cs
  artifactKey: Guid(aa8cb700cd6ec984da47827cd5b9ac7e) Importer(815301076,1909f56bfc062723c751e8b465ee728b)
Start importing Assets/Scripts/PlayerBulletScripts/PlayerBulletAdstract.cs using Guid(aa8cb700cd6ec984da47827cd5b9ac7e) Importer(815301076,1909f56bfc062723c751e8b465ee728b)  -> (artifact id: 'e03acf3893a3d1cb9cb7182446b3184d') in 0.005388 seconds
  Import took 0.010253 seconds .

========================================================================
Received Import Request.
  Time since last request: 0.000750 seconds.
  path: Assets/Scripts/PlayerBulletScripts/PlayerBulletAdstract.cs
  artifactKey: Guid(aa8cb700cd6ec984da47827cd5b9ac7e) Importer(815301076,1909f56bfc062723c751e8b465ee728b)
Start importing Assets/Scripts/PlayerBulletScripts/PlayerBulletAdstract.cs using Guid(aa8cb700cd6ec984da47827cd5b9ac7e) Importer(815301076,1909f56bfc062723c751e8b465ee728b)  -> (artifact id: 'e03acf3893a3d1cb9cb7182446b3184d') in 0.001384 seconds
  Import took 0.005746 seconds .

========================================================================
Received Import Request.
  Time since last request: 5.098111 seconds.
  path: Assets/Scripts/BulletItemScript
  artifactKey: Guid(84f4d3bc2483e964fa83b20e2d76808a) Importer(815301076,1909f56bfc062723c751e8b465ee728b)
Start importing Assets/Scripts/BulletItemScript using Guid(84f4d3bc2483e964fa83b20e2d76808a) Importer(815301076,1909f56bfc062723c751e8b465ee728b)  -> (artifact id: 'c3335b12ed4ed619ea9fe822e6d4adaf') in 0.006682 seconds
  Import took 0.012144 seconds .

========================================================================
Received Import Request.
  Time since last request: 0.963855 seconds.
  path: Assets/Scripts/BulletItemScript/BulletItemScript.cs
  artifactKey: Guid(6477e2a3bc0d0484fbf2965f1259a8ae) Importer(815301076,1909f56bfc062723c751e8b465ee728b)
Start importing Assets/Scripts/BulletItemScript/BulletItemScript.cs using Guid(6477e2a3bc0d0484fbf2965f1259a8ae) Importer(815301076,1909f56bfc062723c751e8b465ee728b)  -> (artifact id: '4721da6498e7058cb83b1fdfbd136b24') in 0.001670 seconds
  Import took 0.007031 seconds .

========================================================================
Received Import Request.
  Time since last request: 0.002985 seconds.
  path: Assets/Scripts/BulletItemScript/BulletItemScript.cs
  artifactKey: Guid(6477e2a3bc0d0484fbf2965f1259a8ae) Importer(815301076,1909f56bfc062723c751e8b465ee728b)
Start importing Assets/Scripts/BulletItemScript/BulletItemScript.cs using Guid(6477e2a3bc0d0484fbf2965f1259a8ae) Importer(815301076,1909f56bfc062723c751e8b465ee728b)  -> (artifact id: '4721da6498e7058cb83b1fdfbd136b24') in 0.002330 seconds
  Import took 0.007801 seconds .

========================================================================
Received Import Request.
  Time since last request: 17.568186 seconds.
  path: Assets/Scripts/BulletItemScript/BulletItemScript.cs
  artifactKey: Guid(6477e2a3bc0d0484fbf2965f1259a8ae) Importer(815301076,1909f56bfc062723c751e8b465ee728b)
Start importing Assets/Scripts/BulletItemScript/BulletItemScript.cs using Guid(6477e2a3bc0d0484fbf2965f1259a8ae) Importer(815301076,1909f56bfc062723c751e8b465ee728b)  -> (artifact id: '7396f54f403ff1c2b0fe72c1011ec248') in 0.001468 seconds
  Import took 0.006346 seconds .

========================================================================
Received Prepare
Registering precompiled user dll's ...
Registered in 0.001208 seconds.
Begin MonoManager ReloadAssembly
Native extension for WindowsStandalone target not found
Native extension for OSXStandalone target not found
Refreshing native plugins compatible for Editor in 0.58 ms, found 1 plugins.
Preloading 0 native plugins for Editor in 0.00 ms.
Invoked RoslynAnalysisRunner static constructor.
RoslynAnalysisRunner will not be running.
RoslynAnalysisRunner has terminated.
Mono: successfully reloaded assembly
- Completed reload, in  0.825 seconds
Platform modules already initialized, skipping
Shader 'Universal Render Pipeline/Particles/Lit': fallback shader 'Universal Render Pipeline/Particles/SimpleLit' not found
Refreshing native plugins compatible for Editor in 0.72 ms, found 1 plugins.
Preloading 0 native plugins for Editor in 0.00 ms.
Unloading 3032 Unused Serialized files (Serialized files now loaded: 0)
System memory in use before: 147.8 MB.
System memory in use after: 148.0 MB.

Unloading 9 unused Assets to reduce memory usage. Loaded Objects now: 3617.
Total: 2.691500 ms (FindLiveObjects: 0.295800 ms CreateObjectMapping: 0.180200 ms MarkObjects: 2.193600 ms  DeleteObjects: 0.020700 ms)

========================================================================
Received Import Request.
  Time since last request: 46.559280 seconds.
  path: Assets/Prefabs/PlayerBullet/Bullet_Boomerang.prefab
  artifactKey: Guid(234260bb687223c47abce2426787559a) Importer(815301076,1909f56bfc062723c751e8b465ee728b)
Start importing Assets/Prefabs/PlayerBullet/Bullet_Boomerang.prefab using Guid(234260bb687223c47abce2426787559a) Importer(815301076,1909f56bfc062723c751e8b465ee728b)  -> (artifact id: '149f2ac94d4c555660b833512e2dfd6e') in 0.356137 seconds
  Import took 0.366423 seconds .

========================================================================
Received Import Request.
  Time since last request: 0.000240 seconds.
  path: Assets/Prefabs/PlayerBullet/Bullet_HAIYORU.prefab
  artifactKey: Guid(11ebbaafe58dc6e46bc6147af06072a8) Importer(815301076,1909f56bfc062723c751e8b465ee728b)
Start importing Assets/Prefabs/PlayerBullet/Bullet_HAIYORU.prefab using Guid(11ebbaafe58dc6e46bc6147af06072a8) Importer(815301076,1909f56bfc062723c751e8b465ee728b)  -> (artifact id: '134ce6a1cd0072931063c40632411e50') in 0.060452 seconds
  Import took 0.065910 seconds .

========================================================================
Received Import Request.
  Time since last request: 0.000285 seconds.
  path: Assets/Prefabs/PlayerBullet/Bullet_Chicken.prefab
  artifactKey: Guid(c17205c48afd24c43bd7c1a395c9ba44) Importer(815301076,1909f56bfc062723c751e8b465ee728b)
Start importing Assets/Prefabs/PlayerBullet/Bullet_Chicken.prefab using Guid(c17205c48afd24c43bd7c1a395c9ba44) Importer(815301076,1909f56bfc062723c751e8b465ee728b)  -> (artifact id: 'd60b370771579fc1e45ea6ecc5bc8df0') in 0.177458 seconds
  Import took 0.188332 seconds .

========================================================================
Received Import Request.
  Time since last request: 0.000437 seconds.
  path: Assets/Prefabs/PlayerBullet/Bullet_Mountain.prefab
  artifactKey: Guid(024389bff970b2246a859d19004a1d9a) Importer(815301076,1909f56bfc062723c751e8b465ee728b)
Start importing Assets/Prefabs/PlayerBullet/Bullet_Mountain.prefab using Guid(024389bff970b2246a859d19004a1d9a) Importer(815301076,1909f56bfc062723c751e8b465ee728b)  -> (artifact id: '3572fde42724df2229a585449529f046') in 0.021134 seconds
  Import took 0.030091 seconds .

========================================================================
Received Import Request.
  Time since last request: 0.000251 seconds.
  path: Assets/Prefabs/PlayerBullet/Bullet_Vehicle.prefab
  artifactKey: Guid(c8ffa45f20500834b97a8d24d288a195) Importer(815301076,1909f56bfc062723c751e8b465ee728b)
Start importing Assets/Prefabs/PlayerBullet/Bullet_Vehicle.prefab using Guid(c8ffa45f20500834b97a8d24d288a195) Importer(815301076,1909f56bfc062723c751e8b465ee728b)  -> (artifact id: 'fd94c0ca982cb21c96a0fe0d1b8998da') in 0.016509 seconds
  Import took 0.022478 seconds .

========================================================================
Received Import Request.
  Time since last request: 0.000267 seconds.
  path: Assets/Prefabs/PlayerBullet/Bullet_Normal.prefab
  artifactKey: Guid(a6f379b0b6452574fa2385bb052f183b) Importer(815301076,1909f56bfc062723c751e8b465ee728b)
Start importing Assets/Prefabs/PlayerBullet/Bullet_Normal.prefab using Guid(a6f379b0b6452574fa2385bb052f183b) Importer(815301076,1909f56bfc062723c751e8b465ee728b)  -> (artifact id: '0acfe797c9722b1e76eca22f61a8d483') in 0.756275 seconds
  Import took 0.764014 seconds .

========================================================================
Received Import Request.
  Time since last request: 1.635183 seconds.
  path: Assets/Prefabs/PlayerBullet/PlayerBulletManager.prefab
  artifactKey: Guid(d920e8e33b8e1f548866cfa00de6a81b) Importer(815301076,1909f56bfc062723c751e8b465ee728b)
Start importing Assets/Prefabs/PlayerBullet/PlayerBulletManager.prefab using Guid(d920e8e33b8e1f548866cfa00de6a81b) Importer(815301076,1909f56bfc062723c751e8b465ee728b)  -> (artifact id: '1a917d8f55462c4a7583163cb6c8f63c') in 0.009246 seconds
  Import took 0.014894 seconds .

========================================================================
Received Import Request.
  Time since last request: 0.001405 seconds.
  path: Assets/Prefabs/PlayerBullet/PlayerBulletManager.prefab
  artifactKey: Guid(d920e8e33b8e1f548866cfa00de6a81b) Importer(815301076,1909f56bfc062723c751e8b465ee728b)
Start importing Assets/Prefabs/PlayerBullet/PlayerBulletManager.prefab using Guid(d920e8e33b8e1f548866cfa00de6a81b) Importer(815301076,1909f56bfc062723c751e8b465ee728b)  -> (artifact id: '1a917d8f55462c4a7583163cb6c8f63c') in 0.004955 seconds
  Import took 0.010125 seconds .

========================================================================
Received Import Request.
  Time since last request: 11.442150 seconds.
  path: Assets/Prefabs/PlayerBullet/PlayerBulletManager.prefab
  artifactKey: Guid(d920e8e33b8e1f548866cfa00de6a81b) Importer(815301076,1909f56bfc062723c751e8b465ee728b)
Start importing Assets/Prefabs/PlayerBullet/PlayerBulletManager.prefab using Guid(d920e8e33b8e1f548866cfa00de6a81b) Importer(815301076,1909f56bfc062723c751e8b465ee728b)  -> (artifact id: '20c984782e40db13c6f6b61bcfc2c6f2') in 0.005824 seconds
  Import took 0.010970 seconds .

========================================================================
Received Import Request.
  Time since last request: 8.332605 seconds.
  path: Assets/Prefabs/PlayerBullet/PlayerBulletManager.prefab
  artifactKey: Guid(d920e8e33b8e1f548866cfa00de6a81b) Importer(815301076,1909f56bfc062723c751e8b465ee728b)
Start importing Assets/Prefabs/PlayerBullet/PlayerBulletManager.prefab using Guid(d920e8e33b8e1f548866cfa00de6a81b) Importer(815301076,1909f56bfc062723c751e8b465ee728b)  -> (artifact id: '463a641c4705947cd5fcc0901043590b') in 0.005674 seconds
  Import took 0.010959 seconds .

========================================================================
Received Prepare
Registering precompiled user dll's ...
Registered in 0.001043 seconds.
Begin MonoManager ReloadAssembly
Native extension for WindowsStandalone target not found
Native extension for OSXStandalone target not found
Refreshing native plugins compatible for Editor in 0.61 ms, found 1 plugins.
Preloading 0 native plugins for Editor in 0.00 ms.
Invoked RoslynAnalysisRunner static constructor.
RoslynAnalysisRunner will not be running.
RoslynAnalysisRunner has terminated.
Mono: successfully reloaded assembly
- Completed reload, in  0.845 seconds
Platform modules already initialized, skipping
Shader 'Universal Render Pipeline/Particles/Lit': fallback shader 'Universal Render Pipeline/Particles/SimpleLit' not found
Refreshing native plugins compatible for Editor in 0.61 ms, found 1 plugins.
Preloading 0 native plugins for Editor in 0.00 ms.
Unloading 3032 Unused Serialized files (Serialized files now loaded: 0)
System memory in use before: 153.1 MB.
System memory in use after: 153.3 MB.

Unloading 9 unused Assets to reduce memory usage. Loaded Objects now: 3664.
Total: 2.481600 ms (FindLiveObjects: 0.327900 ms CreateObjectMapping: 0.132500 ms MarkObjects: 2.005500 ms  DeleteObjects: 0.014800 ms)

========================================================================
Received Prepare
Registering precompiled user dll's ...
Registered in 0.001344 seconds.
Begin MonoManager ReloadAssembly
Native extension for WindowsStandalone target not found
Native extension for OSXStandalone target not found
Refreshing native plugins compatible for Editor in 0.61 ms, found 1 plugins.
Preloading 0 native plugins for Editor in 0.00 ms.
Invoked RoslynAnalysisRunner static constructor.
RoslynAnalysisRunner will not be running.
RoslynAnalysisRunner has terminated.
Mono: successfully reloaded assembly
- Completed reload, in  0.844 seconds
Platform modules already initialized, skipping
Shader 'Universal Render Pipeline/Particles/Lit': fallback shader 'Universal Render Pipeline/Particles/SimpleLit' not found
Refreshing native plugins compatible for Editor in 0.68 ms, found 1 plugins.
Preloading 0 native plugins for Editor in 0.00 ms.
Unloading 3032 Unused Serialized files (Serialized files now loaded: 0)
System memory in use before: 153.1 MB.
System memory in use after: 153.3 MB.

Unloading 9 unused Assets to reduce memory usage. Loaded Objects now: 3666.
Total: 2.983400 ms (FindLiveObjects: 0.352800 ms CreateObjectMapping: 0.155900 ms MarkObjects: 2.449500 ms  DeleteObjects: 0.023900 ms)

========================================================================
Received Prepare
Registering precompiled user dll's ...
Registered in 0.001239 seconds.
Begin MonoManager ReloadAssembly
Native extension for WindowsStandalone target not found
Native extension for OSXStandalone target not found
Refreshing native plugins compatible for Editor in 0.59 ms, found 1 plugins.
Preloading 0 native plugins for Editor in 0.00 ms.
Invoked RoslynAnalysisRunner static constructor.
RoslynAnalysisRunner will not be running.
RoslynAnalysisRunner has terminated.
Mono: successfully reloaded assembly
- Completed reload, in  0.821 seconds
Platform modules already initialized, skipping
Shader 'Universal Render Pipeline/Particles/Lit': fallback shader 'Universal Render Pipeline/Particles/SimpleLit' not found
Refreshing native plugins compatible for Editor in 0.64 ms, found 1 plugins.
Preloading 0 native plugins for Editor in 0.00 ms.
Unloading 3032 Unused Serialized files (Serialized files now loaded: 0)
System memory in use before: 153.1 MB.
System memory in use after: 153.3 MB.

Unloading 9 unused Assets to reduce memory usage. Loaded Objects now: 3668.
Total: 2.397600 ms (FindLiveObjects: 0.287100 ms CreateObjectMapping: 0.135300 ms MarkObjects: 1.958200 ms  DeleteObjects: 0.015900 ms)

========================================================================
Received Prepare
Registering precompiled user dll's ...
Registered in 0.001433 seconds.
Begin MonoManager ReloadAssembly
Native extension for WindowsStandalone target not found
Native extension for OSXStandalone target not found
Refreshing native plugins compatible for Editor in 0.56 ms, found 1 plugins.
Preloading 0 native plugins for Editor in 0.00 ms.
Invoked RoslynAnalysisRunner static constructor.
RoslynAnalysisRunner will not be running.
RoslynAnalysisRunner has terminated.
Mono: successfully reloaded assembly
- Completed reload, in  0.835 seconds
Platform modules already initialized, skipping
Shader 'Universal Render Pipeline/Particles/Lit': fallback shader 'Universal Render Pipeline/Particles/SimpleLit' not found
Refreshing native plugins compatible for Editor in 0.67 ms, found 1 plugins.
Preloading 0 native plugins for Editor in 0.00 ms.
Unloading 3032 Unused Serialized files (Serialized files now loaded: 0)
System memory in use before: 153.1 MB.
System memory in use after: 153.3 MB.

Unloading 9 unused Assets to reduce memory usage. Loaded Objects now: 3670.
Total: 2.891100 ms (FindLiveObjects: 0.412300 ms CreateObjectMapping: 0.269300 ms MarkObjects: 2.188200 ms  DeleteObjects: 0.020000 ms)

========================================================================
Received Prepare
Registering precompiled user dll's ...
Registered in 0.001093 seconds.
Begin MonoManager ReloadAssembly
Native extension for WindowsStandalone target not found
Native extension for OSXStandalone target not found
Refreshing native plugins compatible for Editor in 0.55 ms, found 1 plugins.
Preloading 0 native plugins for Editor in 0.00 ms.
Invoked RoslynAnalysisRunner static constructor.
RoslynAnalysisRunner will not be running.
RoslynAnalysisRunner has terminated.
Mono: successfully reloaded assembly
- Completed reload, in  0.807 seconds
Platform modules already initialized, skipping
Shader 'Universal Render Pipeline/Particles/Lit': fallback shader 'Universal Render Pipeline/Particles/SimpleLit' not found
Refreshing native plugins compatible for Editor in 0.56 ms, found 1 plugins.
Preloading 0 native plugins for Editor in 0.00 ms.
Unloading 3032 Unused Serialized files (Serialized files now loaded: 0)
System memory in use before: 153.1 MB.
System memory in use after: 153.3 MB.

Unloading 9 unused Assets to reduce memory usage. Loaded Objects now: 3672.
Total: 2.214600 ms (FindLiveObjects: 0.278600 ms CreateObjectMapping: 0.122000 ms MarkObjects: 1.777100 ms  DeleteObjects: 0.035800 ms)

========================================================================
Received Prepare
Registering precompiled user dll's ...
Registered in 0.001141 seconds.
Begin MonoManager ReloadAssembly
Native extension for WindowsStandalone target not found
Native extension for OSXStandalone target not found
Refreshing native plugins compatible for Editor in 0.56 ms, found 1 plugins.
Preloading 0 native plugins for Editor in 0.00 ms.
Invoked RoslynAnalysisRunner static constructor.
RoslynAnalysisRunner will not be running.
RoslynAnalysisRunner has terminated.
Mono: successfully reloaded assembly
- Completed reload, in  0.814 seconds
Platform modules already initialized, skipping
Shader 'Universal Render Pipeline/Particles/Lit': fallback shader 'Universal Render Pipeline/Particles/SimpleLit' not found
Refreshing native plugins compatible for Editor in 0.60 ms, found 1 plugins.
Preloading 0 native plugins for Editor in 0.00 ms.
Unloading 3032 Unused Serialized files (Serialized files now loaded: 0)
System memory in use before: 153.1 MB.
System memory in use after: 153.4 MB.

Unloading 9 unused Assets to reduce memory usage. Loaded Objects now: 3674.
Total: 2.241000 ms (FindLiveObjects: 0.291500 ms CreateObjectMapping: 0.137200 ms MarkObjects: 1.794800 ms  DeleteObjects: 0.016800 ms)

========================================================================
Received Prepare
Registering precompiled user dll's ...
Registered in 0.001048 seconds.
Begin MonoManager ReloadAssembly
Native extension for WindowsStandalone target not found
Native extension for OSXStandalone target not found
Refreshing native plugins compatible for Editor in 0.83 ms, found 1 plugins.
Preloading 0 native plugins for Editor in 0.00 ms.
Invoked RoslynAnalysisRunner static constructor.
RoslynAnalysisRunner will not be running.
RoslynAnalysisRunner has terminated.
Mono: successfully reloaded assembly
- Completed reload, in  0.845 seconds
Platform modules already initialized, skipping
Shader 'Universal Render Pipeline/Particles/Lit': fallback shader 'Universal Render Pipeline/Particles/SimpleLit' not found
Refreshing native plugins compatible for Editor in 0.60 ms, found 1 plugins.
Preloading 0 native plugins for Editor in 0.00 ms.
Unloading 3032 Unused Serialized files (Serialized files now loaded: 0)
System memory in use before: 153.1 MB.
System memory in use after: 153.4 MB.

Unloading 9 unused Assets to reduce memory usage. Loaded Objects now: 3676.
Total: 2.474600 ms (FindLiveObjects: 0.495600 ms CreateObjectMapping: 0.142100 ms MarkObjects: 1.820800 ms  DeleteObjects: 0.015000 ms)

========================================================================
Received Import Request.
  Time since last request: 260.219403 seconds.
  path: Assets/Music
  artifactKey: Guid(5d08fe6d6afecc4428717ffc5e6e5864) Importer(815301076,1909f56bfc062723c751e8b465ee728b)
Start importing Assets/Music using Guid(5d08fe6d6afecc4428717ffc5e6e5864) Importer(815301076,1909f56bfc062723c751e8b465ee728b)  -> (artifact id: '0aab2a5c4ed826e1930f94b25ea0d8de') in 0.010717 seconds
  Import took 0.015873 seconds .

========================================================================
Received Import Request.
  Time since last request: 4.451176 seconds.
  path: Assets/Scenes/GameScene.unity
  artifactKey: Guid(2cda990e2423bbf4892e6590ba056729) Importer(815301076,1909f56bfc062723c751e8b465ee728b)
Start importing Assets/Scenes/GameScene.unity using Guid(2cda990e2423bbf4892e6590ba056729) Importer(815301076,1909f56bfc062723c751e8b465ee728b)  -> (artifact id: '4b3b9268dacca80da96b82b7c7642ee2') in 0.012759 seconds
  Import took 0.017689 seconds .

========================================================================
Received Import Request.
  Time since last request: 0.375087 seconds.
  path: Assets/Scenes/GameOverScene.unity
  artifactKey: Guid(eda91028ad33ded469712c7b80433f82) Importer(815301076,1909f56bfc062723c751e8b465ee728b)
Start importing Assets/Scenes/GameOverScene.unity using Guid(eda91028ad33ded469712c7b80433f82) Importer(815301076,1909f56bfc062723c751e8b465ee728b)  -> (artifact id: '46d7f2b4ef07c059b77c0ed8843b1188') in 0.006392 seconds
  Import took 0.011978 seconds .

========================================================================
Received Import Request.
  Time since last request: 1.369045 seconds.
  path: Assets/Scenes/Boss_2Scene.unity
  artifactKey: Guid(505e5e64bc6f34f4d91a6a122bc8adc5) Importer(815301076,1909f56bfc062723c751e8b465ee728b)
Start importing Assets/Scenes/Boss_2Scene.unity using Guid(505e5e64bc6f34f4d91a6a122bc8adc5) Importer(815301076,1909f56bfc062723c751e8b465ee728b)  -> (artifact id: 'b123bb28da5800a751f644814187276d') in 0.005819 seconds
  Import took 0.011116 seconds .

========================================================================
Received Import Request.
  Time since last request: 0.953066 seconds.
  path: Assets/Scenes/Boss_1Scene.unity
  artifactKey: Guid(796ed72f5c668704db9a0a0d634b9b5d) Importer(815301076,1909f56bfc062723c751e8b465ee728b)
Start importing Assets/Scenes/Boss_1Scene.unity using Guid(796ed72f5c668704db9a0a0d634b9b5d) Importer(815301076,1909f56bfc062723c751e8b465ee728b)  -> (artifact id: '0b866a0a66805703fa928bf4e2bb3526') in 0.006682 seconds
  Import took 0.012236 seconds .

========================================================================
Received Prepare
Registering precompiled user dll's ...
Registered in 0.001153 seconds.
Begin MonoManager ReloadAssembly
Native extension for WindowsStandalone target not found
Native extension for OSXStandalone target not found
Refreshing native plugins compatible for Editor in 0.84 ms, found 1 plugins.
Preloading 0 native plugins for Editor in 0.00 ms.
Invoked RoslynAnalysisRunner static constructor.
RoslynAnalysisRunner will not be running.
RoslynAnalysisRunner has terminated.
Mono: successfully reloaded assembly
- Completed reload, in  0.856 seconds
Platform modules already initialized, skipping
Shader 'Universal Render Pipeline/Particles/Lit': fallback shader 'Universal Render Pipeline/Particles/SimpleLit' not found
Refreshing native plugins compatible for Editor in 0.67 ms, found 1 plugins.
Preloading 0 native plugins for Editor in 0.00 ms.
Unloading 3032 Unused Serialized files (Serialized files now loaded: 0)
System memory in use before: 153.2 MB.
System memory in use after: 153.4 MB.

Unloading 9 unused Assets to reduce memory usage. Loaded Objects now: 3678.
Total: 2.790700 ms (FindLiveObjects: 0.308500 ms CreateObjectMapping: 0.137400 ms MarkObjects: 2.327600 ms  DeleteObjects: 0.015600 ms)

========================================================================
Received Prepare
Registering precompiled user dll's ...
Registered in 0.001268 seconds.
Begin MonoManager ReloadAssembly
Native extension for WindowsStandalone target not found
Native extension for OSXStandalone target not found
Refreshing native plugins compatible for Editor in 0.58 ms, found 1 plugins.
Preloading 0 native plugins for Editor in 0.00 ms.
Invoked RoslynAnalysisRunner static constructor.
RoslynAnalysisRunner will not be running.
RoslynAnalysisRunner has terminated.
Mono: successfully reloaded assembly
- Completed reload, in  0.827 seconds
Platform modules already initialized, skipping
Shader 'Universal Render Pipeline/Particles/Lit': fallback shader 'Universal Render Pipeline/Particles/SimpleLit' not found
Refreshing native plugins compatible for Editor in 0.57 ms, found 1 plugins.
Preloading 0 native plugins for Editor in 0.00 ms.
Unloading 3032 Unused Serialized files (Serialized files now loaded: 0)
System memory in use before: 153.2 MB.
System memory in use after: 153.4 MB.

Unloading 9 unused Assets to reduce memory usage. Loaded Objects now: 3680.
Total: 3.170200 ms (FindLiveObjects: 0.439000 ms CreateObjectMapping: 0.171500 ms MarkObjects: 2.543200 ms  DeleteObjects: 0.015500 ms)

========================================================================
Received Import Request.
  Time since last request: 99.281548 seconds.
  path: Assets/Scenes/Boss_1Scene.unity
  artifactKey: Guid(796ed72f5c668704db9a0a0d634b9b5d) Importer(815301076,1909f56bfc062723c751e8b465ee728b)
Start importing Assets/Scenes/Boss_1Scene.unity using Guid(796ed72f5c668704db9a0a0d634b9b5d) Importer(815301076,1909f56bfc062723c751e8b465ee728b)  -> (artifact id: 'fb7eb3ad007fb954017cb4949c1783f0') in 0.012878 seconds
  Import took 0.018202 seconds .

========================================================================
Received Prepare
Registering precompiled user dll's ...
Registered in 0.001037 seconds.
Begin MonoManager ReloadAssembly
Native extension for WindowsStandalone target not found
Native extension for OSXStandalone target not found
Refreshing native plugins compatible for Editor in 0.68 ms, found 1 plugins.
Preloading 0 native plugins for Editor in 0.00 ms.
Invoked RoslynAnalysisRunner static constructor.
RoslynAnalysisRunner will not be running.
RoslynAnalysisRunner has terminated.
Mono: successfully reloaded assembly
- Completed reload, in  0.807 seconds
Platform modules already initialized, skipping
Shader 'Universal Render Pipeline/Particles/Lit': fallback shader 'Universal Render Pipeline/Particles/SimpleLit' not found
Refreshing native plugins compatible for Editor in 0.56 ms, found 1 plugins.
Preloading 0 native plugins for Editor in 0.00 ms.
Unloading 3032 Unused Serialized files (Serialized files now loaded: 0)
System memory in use before: 153.2 MB.
System memory in use after: 153.4 MB.

Unloading 9 unused Assets to reduce memory usage. Loaded Objects now: 3682.
Total: 3.164600 ms (FindLiveObjects: 0.333400 ms CreateObjectMapping: 0.170100 ms MarkObjects: 2.645100 ms  DeleteObjects: 0.015000 ms)

========================================================================
Received Prepare
Registering precompiled user dll's ...
Registered in 0.001244 seconds.
Begin MonoManager ReloadAssembly
Native extension for WindowsStandalone target not found
Native extension for OSXStandalone target not found
Refreshing native plugins compatible for Editor in 0.60 ms, found 1 plugins.
Preloading 0 native plugins for Editor in 0.00 ms.
Invoked RoslynAnalysisRunner static constructor.
RoslynAnalysisRunner will not be running.
RoslynAnalysisRunner has terminated.
Mono: successfully reloaded assembly
- Completed reload, in  0.823 seconds
Platform modules already initialized, skipping
Shader 'Universal Render Pipeline/Particles/Lit': fallback shader 'Universal Render Pipeline/Particles/SimpleLit' not found
Refreshing native plugins compatible for Editor in 0.64 ms, found 1 plugins.
Preloading 0 native plugins for Editor in 0.00 ms.
Unloading 3032 Unused Serialized files (Serialized files now loaded: 0)
System memory in use before: 153.2 MB.
System memory in use after: 153.4 MB.

Unloading 9 unused Assets to reduce memory usage. Loaded Objects now: 3684.
Total: 2.772600 ms (FindLiveObjects: 0.326200 ms CreateObjectMapping: 0.126200 ms MarkObjects: 2.300000 ms  DeleteObjects: 0.019200 ms)

========================================================================
Received Prepare
Registering precompiled user dll's ...
Registered in 0.001077 seconds.
Begin MonoManager ReloadAssembly
Native extension for WindowsStandalone target not found
Native extension for OSXStandalone target not found
Refreshing native plugins compatible for Editor in 0.74 ms, found 1 plugins.
Preloading 0 native plugins for Editor in 0.00 ms.
Invoked RoslynAnalysisRunner static constructor.
RoslynAnalysisRunner will not be running.
RoslynAnalysisRunner has terminated.
Mono: successfully reloaded assembly
- Completed reload, in  0.951 seconds
Platform modules already initialized, skipping
Shader 'Universal Render Pipeline/Particles/Lit': fallback shader 'Universal Render Pipeline/Particles/SimpleLit' not found
Refreshing native plugins compatible for Editor in 0.60 ms, found 1 plugins.
Preloading 0 native plugins for Editor in 0.00 ms.
Unloading 3032 Unused Serialized files (Serialized files now loaded: 0)
System memory in use before: 153.2 MB.
System memory in use after: 153.4 MB.

Unloading 9 unused Assets to reduce memory usage. Loaded Objects now: 3686.
Total: 2.622500 ms (FindLiveObjects: 0.358100 ms CreateObjectMapping: 0.143300 ms MarkObjects: 2.105500 ms  DeleteObjects: 0.014800 ms)

========================================================================
Received Prepare
Registering precompiled user dll's ...
Registered in 0.001161 seconds.
Begin MonoManager ReloadAssembly
Native extension for WindowsStandalone target not found
Native extension for OSXStandalone target not found
Refreshing native plugins compatible for Editor in 0.56 ms, found 1 plugins.
Preloading 0 native plugins for Editor in 0.00 ms.
Invoked RoslynAnalysisRunner static constructor.
RoslynAnalysisRunner will not be running.
RoslynAnalysisRunner has terminated.
Mono: successfully reloaded assembly
- Completed reload, in  0.799 seconds
Platform modules already initialized, skipping
Shader 'Universal Render Pipeline/Particles/Lit': fallback shader 'Universal Render Pipeline/Particles/SimpleLit' not found
Refreshing native plugins compatible for Editor in 0.56 ms, found 1 plugins.
Preloading 0 native plugins for Editor in 0.00 ms.
Unloading 3032 Unused Serialized files (Serialized files now loaded: 0)
System memory in use before: 153.2 MB.
System memory in use after: 153.4 MB.

Unloading 9 unused Assets to reduce memory usage. Loaded Objects now: 3688.
Total: 2.527700 ms (FindLiveObjects: 0.365000 ms CreateObjectMapping: 0.160800 ms MarkObjects: 1.985100 ms  DeleteObjects: 0.015600 ms)

========================================================================
Received Prepare
Registering precompiled user dll's ...
Registered in 0.001067 seconds.
Begin MonoManager ReloadAssembly
Native extension for WindowsStandalone target not found
Native extension for OSXStandalone target not found
Refreshing native plugins compatible for Editor in 0.59 ms, found 1 plugins.
Preloading 0 native plugins for Editor in 0.00 ms.
Invoked RoslynAnalysisRunner static constructor.
RoslynAnalysisRunner will not be running.
RoslynAnalysisRunner has terminated.
Mono: successfully reloaded assembly
- Completed reload, in  0.805 seconds
Platform modules already initialized, skipping
Shader 'Universal Render Pipeline/Particles/Lit': fallback shader 'Universal Render Pipeline/Particles/SimpleLit' not found
Refreshing native plugins compatible for Editor in 0.62 ms, found 1 plugins.
Preloading 0 native plugins for Editor in 0.00 ms.
Unloading 3032 Unused Serialized files (Serialized files now loaded: 0)
System memory in use before: 153.2 MB.
System memory in use after: 153.4 MB.

Unloading 9 unused Assets to reduce memory usage. Loaded Objects now: 3690.
Total: 2.481300 ms (FindLiveObjects: 0.264100 ms CreateObjectMapping: 0.117800 ms MarkObjects: 2.084400 ms  DeleteObjects: 0.013800 ms)

========================================================================
Received Prepare
Registering precompiled user dll's ...
Registered in 0.001028 seconds.
Begin MonoManager ReloadAssembly
Native extension for WindowsStandalone target not found
Native extension for OSXStandalone target not found
Refreshing native plugins compatible for Editor in 0.61 ms, found 1 plugins.
Preloading 0 native plugins for Editor in 0.00 ms.
Invoked RoslynAnalysisRunner static constructor.
RoslynAnalysisRunner will not be running.
RoslynAnalysisRunner has terminated.
Mono: successfully reloaded assembly
- Completed reload, in  0.816 seconds
Platform modules already initialized, skipping
Shader 'Universal Render Pipeline/Particles/Lit': fallback shader 'Universal Render Pipeline/Particles/SimpleLit' not found
Refreshing native plugins compatible for Editor in 0.60 ms, found 1 plugins.
Preloading 0 native plugins for Editor in 0.00 ms.
Unloading 3032 Unused Serialized files (Serialized files now loaded: 0)
System memory in use before: 153.2 MB.
System memory in use after: 153.4 MB.

Unloading 9 unused Assets to reduce memory usage. Loaded Objects now: 3692.
Total: 2.592300 ms (FindLiveObjects: 0.349500 ms CreateObjectMapping: 0.157900 ms MarkObjects: 2.062800 ms  DeleteObjects: 0.020700 ms)

========================================================================
Received Prepare
Registering precompiled user dll's ...
Registered in 0.001024 seconds.
Begin MonoManager ReloadAssembly
Native extension for WindowsStandalone target not found
Native extension for OSXStandalone target not found
Refreshing native plugins compatible for Editor in 0.56 ms, found 1 plugins.
Preloading 0 native plugins for Editor in 0.00 ms.
Invoked RoslynAnalysisRunner static constructor.
RoslynAnalysisRunner will not be running.
RoslynAnalysisRunner has terminated.
Mono: successfully reloaded assembly
- Completed reload, in  0.800 seconds
Platform modules already initialized, skipping
Shader 'Universal Render Pipeline/Particles/Lit': fallback shader 'Universal Render Pipeline/Particles/SimpleLit' not found
Refreshing native plugins compatible for Editor in 0.57 ms, found 1 plugins.
Preloading 0 native plugins for Editor in 0.00 ms.
Unloading 3032 Unused Serialized files (Serialized files now loaded: 0)
System memory in use before: 153.2 MB.
System memory in use after: 153.4 MB.

Unloading 9 unused Assets to reduce memory usage. Loaded Objects now: 3694.
Total: 2.347500 ms (FindLiveObjects: 0.247300 ms CreateObjectMapping: 0.114700 ms MarkObjects: 1.939300 ms  DeleteObjects: 0.031900 ms)

========================================================================
Received Import Request.
  Time since last request: 336.421889 seconds.
  path: Assets/Scenes/Boss_2Scene.unity
  artifactKey: Guid(505e5e64bc6f34f4d91a6a122bc8adc5) Importer(815301076,1909f56bfc062723c751e8b465ee728b)
Start importing Assets/Scenes/Boss_2Scene.unity using Guid(505e5e64bc6f34f4d91a6a122bc8adc5) Importer(815301076,1909f56bfc062723c751e8b465ee728b)  -> (artifact id: 'e48bef1f7ac1ee55f18253855c282d03') in 0.018451 seconds
  Import took 0.023968 seconds .

========================================================================
Received Prepare
Registering precompiled user dll's ...
Registered in 0.001056 seconds.
Begin MonoManager ReloadAssembly
Native extension for WindowsStandalone target not found
Native extension for OSXStandalone target not found
Refreshing native plugins compatible for Editor in 0.59 ms, found 1 plugins.
Preloading 0 native plugins for Editor in 0.00 ms.
Invoked RoslynAnalysisRunner static constructor.
RoslynAnalysisRunner will not be running.
RoslynAnalysisRunner has terminated.
Mono: successfully reloaded assembly
- Completed reload, in  0.819 seconds
Platform modules already initialized, skipping
Shader 'Universal Render Pipeline/Particles/Lit': fallback shader 'Universal Render Pipeline/Particles/SimpleLit' not found
Refreshing native plugins compatible for Editor in 0.69 ms, found 1 plugins.
Preloading 0 native plugins for Editor in 0.00 ms.
Unloading 3032 Unused Serialized files (Serialized files now loaded: 0)
System memory in use before: 153.2 MB.
System memory in use after: 153.5 MB.

Unloading 9 unused Assets to reduce memory usage. Loaded Objects now: 3696.
Total: 2.671800 ms (FindLiveObjects: 0.338300 ms CreateObjectMapping: 0.236300 ms MarkObjects: 2.080900 ms  DeleteObjects: 0.014200 ms)

========================================================================
Received Prepare
Registering precompiled user dll's ...
Registered in 0.001252 seconds.
Begin MonoManager ReloadAssembly
Native extension for WindowsStandalone target not found
Native extension for OSXStandalone target not found
Refreshing native plugins compatible for Editor in 0.55 ms, found 1 plugins.
Preloading 0 native plugins for Editor in 0.00 ms.
Invoked RoslynAnalysisRunner static constructor.
RoslynAnalysisRunner will not be running.
RoslynAnalysisRunner has terminated.
Mono: successfully reloaded assembly
- Completed reload, in  0.768 seconds
Platform modules already initialized, skipping
Shader 'Universal Render Pipeline/Particles/Lit': fallback shader 'Universal Render Pipeline/Particles/SimpleLit' not found
Refreshing native plugins compatible for Editor in 0.57 ms, found 1 plugins.
Preloading 0 native plugins for Editor in 0.00 ms.
Unloading 3032 Unused Serialized files (Serialized files now loaded: 0)
System memory in use before: 153.2 MB.
System memory in use after: 153.5 MB.

Unloading 9 unused Assets to reduce memory usage. Loaded Objects now: 3698.
Total: 2.325900 ms (FindLiveObjects: 0.473100 ms CreateObjectMapping: 0.147300 ms MarkObjects: 1.692200 ms  DeleteObjects: 0.012200 ms)

========================================================================
Received Prepare
Registering precompiled user dll's ...
Registered in 0.000997 seconds.
Begin MonoManager ReloadAssembly
Native extension for WindowsStandalone target not found
Native extension for OSXStandalone target not found
Refreshing native plugins compatible for Editor in 0.55 ms, found 1 plugins.
Preloading 0 native plugins for Editor in 0.00 ms.
Invoked RoslynAnalysisRunner static constructor.
RoslynAnalysisRunner will not be running.
RoslynAnalysisRunner has terminated.
Mono: successfully reloaded assembly
- Completed reload, in  0.760 seconds
Platform modules already initialized, skipping
Shader 'Universal Render Pipeline/Particles/Lit': fallback shader 'Universal Render Pipeline/Particles/SimpleLit' not found
Refreshing native plugins compatible for Editor in 0.58 ms, found 1 plugins.
Preloading 0 native plugins for Editor in 0.00 ms.
Unloading 3032 Unused Serialized files (Serialized files now loaded: 0)
System memory in use before: 153.2 MB.
System memory in use after: 153.5 MB.

Unloading 9 unused Assets to reduce memory usage. Loaded Objects now: 3700.
Total: 2.289400 ms (FindLiveObjects: 0.295300 ms CreateObjectMapping: 0.143700 ms MarkObjects: 1.835000 ms  DeleteObjects: 0.014700 ms)

========================================================================
Received Import Request.
  Time since last request: 396.993634 seconds.
  path: Assets/Scenes/Boss_1Scene.unity
  artifactKey: Guid(796ed72f5c668704db9a0a0d634b9b5d) Importer(815301076,1909f56bfc062723c751e8b465ee728b)
Start importing Assets/Scenes/Boss_1Scene.unity using Guid(796ed72f5c668704db9a0a0d634b9b5d) Importer(815301076,1909f56bfc062723c751e8b465ee728b)  -> (artifact id: '04491fd547adca306a11eff4421aa471') in 0.010997 seconds
  Import took 0.015142 seconds .

========================================================================
Received Import Request.
  Time since last request: 0.002880 seconds.
  path: Assets/Scenes/Boss_1Scene.unity
  artifactKey: Guid(796ed72f5c668704db9a0a0d634b9b5d) Importer(815301076,1909f56bfc062723c751e8b465ee728b)
Start importing Assets/Scenes/Boss_1Scene.unity using Guid(796ed72f5c668704db9a0a0d634b9b5d) Importer(815301076,1909f56bfc062723c751e8b465ee728b)  -> (artifact id: '04491fd547adca306a11eff4421aa471') in 0.001541 seconds
  Import took 0.006457 seconds .

========================================================================
Received Prepare
Registering precompiled user dll's ...
Registered in 0.001058 seconds.
Begin MonoManager ReloadAssembly
Native extension for WindowsStandalone target not found
Native extension for OSXStandalone target not found
Refreshing native plugins compatible for Editor in 0.55 ms, found 1 plugins.
Preloading 0 native plugins for Editor in 0.00 ms.
Invoked RoslynAnalysisRunner static constructor.
RoslynAnalysisRunner will not be running.
RoslynAnalysisRunner has terminated.
Mono: successfully reloaded assembly
- Completed reload, in  0.771 seconds
Platform modules already initialized, skipping
Shader 'Universal Render Pipeline/Particles/Lit': fallback shader 'Universal Render Pipeline/Particles/SimpleLit' not found
Refreshing native plugins compatible for Editor in 0.63 ms, found 1 plugins.
Preloading 0 native plugins for Editor in 0.00 ms.
Unloading 3032 Unused Serialized files (Serialized files now loaded: 0)
System memory in use before: 153.2 MB.
System memory in use after: 153.5 MB.

Unloading 9 unused Assets to reduce memory usage. Loaded Objects now: 3702.
Total: 2.083600 ms (FindLiveObjects: 0.250000 ms CreateObjectMapping: 0.148600 ms MarkObjects: 1.671600 ms  DeleteObjects: 0.012700 ms)

========================================================================
Received Prepare
Registering precompiled user dll's ...
Registered in 0.001125 seconds.
Begin MonoManager ReloadAssembly
Native extension for WindowsStandalone target not found
Native extension for OSXStandalone target not found
Refreshing native plugins compatible for Editor in 0.85 ms, found 1 plugins.
Preloading 0 native plugins for Editor in 0.00 ms.
Invoked RoslynAnalysisRunner static constructor.
RoslynAnalysisRunner will not be running.
RoslynAnalysisRunner has terminated.
Mono: successfully reloaded assembly
- Completed reload, in  0.906 seconds
Platform modules already initialized, skipping
Shader 'Universal Render Pipeline/Particles/Lit': fallback shader 'Universal Render Pipeline/Particles/SimpleLit' not found
Refreshing native plugins compatible for Editor in 0.70 ms, found 1 plugins.
Preloading 0 native plugins for Editor in 0.00 ms.
Unloading 3032 Unused Serialized files (Serialized files now loaded: 0)
System memory in use before: 153.2 MB.
System memory in use after: 153.5 MB.

Unloading 9 unused Assets to reduce memory usage. Loaded Objects now: 3704.
Total: 2.826100 ms (FindLiveObjects: 0.347600 ms CreateObjectMapping: 0.166900 ms MarkObjects: 2.291300 ms  DeleteObjects: 0.018900 ms)

========================================================================
Received Prepare
Registering precompiled user dll's ...
Registered in 0.001378 seconds.
Begin MonoManager ReloadAssembly
Native extension for WindowsStandalone target not found
Native extension for OSXStandalone target not found
Refreshing native plugins compatible for Editor in 0.55 ms, found 1 plugins.
Preloading 0 native plugins for Editor in 0.00 ms.
Invoked RoslynAnalysisRunner static constructor.
RoslynAnalysisRunner will not be running.
RoslynAnalysisRunner has terminated.
Mono: successfully reloaded assembly
- Completed reload, in  0.983 seconds
Platform modules already initialized, skipping
Shader 'Universal Render Pipeline/Particles/Lit': fallback shader 'Universal Render Pipeline/Particles/SimpleLit' not found
Refreshing native plugins compatible for Editor in 0.57 ms, found 1 plugins.
Preloading 0 native plugins for Editor in 0.00 ms.
Unloading 3032 Unused Serialized files (Serialized files now loaded: 0)
System memory in use before: 153.2 MB.
System memory in use after: 153.5 MB.

Unloading 9 unused Assets to reduce memory usage. Loaded Objects now: 3706.
Total: 2.738600 ms (FindLiveObjects: 0.327200 ms CreateObjectMapping: 0.177700 ms MarkObjects: 2.214700 ms  DeleteObjects: 0.017300 ms)

========================================================================
Received Prepare
Registering precompiled user dll's ...
Registered in 0.001184 seconds.
Begin MonoManager ReloadAssembly
Native extension for WindowsStandalone target not found
Native extension for OSXStandalone target not found
Refreshing native plugins compatible for Editor in 0.57 ms, found 1 plugins.
Preloading 0 native plugins for Editor in 0.00 ms.
Invoked RoslynAnalysisRunner static constructor.
RoslynAnalysisRunner will not be running.
RoslynAnalysisRunner has terminated.
Mono: successfully reloaded assembly
- Completed reload, in  0.783 seconds
Platform modules already initialized, skipping
Shader 'Universal Render Pipeline/Particles/Lit': fallback shader 'Universal Render Pipeline/Particles/SimpleLit' not found
Refreshing native plugins compatible for Editor in 0.75 ms, found 1 plugins.
Preloading 0 native plugins for Editor in 0.00 ms.
Unloading 3032 Unused Serialized files (Serialized files now loaded: 0)
System memory in use before: 153.3 MB.
System memory in use after: 153.5 MB.

Unloading 9 unused Assets to reduce memory usage. Loaded Objects now: 3708.
Total: 2.401700 ms (FindLiveObjects: 0.285300 ms CreateObjectMapping: 0.212600 ms MarkObjects: 1.884000 ms  DeleteObjects: 0.018800 ms)

========================================================================
Received Prepare
Registering precompiled user dll's ...
Registered in 0.001179 seconds.
Begin MonoManager ReloadAssembly
Native extension for WindowsStandalone target not found
Native extension for OSXStandalone target not found
Refreshing native plugins compatible for Editor in 0.56 ms, found 1 plugins.
Preloading 0 native plugins for Editor in 0.00 ms.
Invoked RoslynAnalysisRunner static constructor.
RoslynAnalysisRunner will not be running.
RoslynAnalysisRunner has terminated.
Mono: successfully reloaded assembly
- Completed reload, in  0.780 seconds
Platform modules already initialized, skipping
Shader 'Universal Render Pipeline/Particles/Lit': fallback shader 'Universal Render Pipeline/Particles/SimpleLit' not found
Refreshing native plugins compatible for Editor in 0.56 ms, found 1 plugins.
Preloading 0 native plugins for Editor in 0.00 ms.
Unloading 3032 Unused Serialized files (Serialized files now loaded: 0)
System memory in use before: 153.3 MB.
System memory in use after: 153.5 MB.

Unloading 9 unused Assets to reduce memory usage. Loaded Objects now: 3710.
Total: 2.333400 ms (FindLiveObjects: 0.336800 ms CreateObjectMapping: 0.127000 ms MarkObjects: 1.855500 ms  DeleteObjects: 0.013300 ms)

========================================================================
Received Prepare
Registering precompiled user dll's ...
Registered in 0.001342 seconds.
Begin MonoManager ReloadAssembly
Native extension for WindowsStandalone target not found
Native extension for OSXStandalone target not found
Refreshing native plugins compatible for Editor in 0.66 ms, found 1 plugins.
Preloading 0 native plugins for Editor in 0.00 ms.
Invoked RoslynAnalysisRunner static constructor.
RoslynAnalysisRunner will not be running.
RoslynAnalysisRunner has terminated.
Mono: successfully reloaded assembly
- Completed reload, in  0.781 seconds
Platform modules already initialized, skipping
Shader 'Universal Render Pipeline/Particles/Lit': fallback shader 'Universal Render Pipeline/Particles/SimpleLit' not found
Refreshing native plugins compatible for Editor in 0.58 ms, found 1 plugins.
Preloading 0 native plugins for Editor in 0.00 ms.
Unloading 3032 Unused Serialized files (Serialized files now loaded: 0)
System memory in use before: 153.3 MB.
System memory in use after: 153.5 MB.

Unloading 9 unused Assets to reduce memory usage. Loaded Objects now: 3712.
Total: 2.146600 ms (FindLiveObjects: 0.285100 ms CreateObjectMapping: 0.128600 ms MarkObjects: 1.718900 ms  DeleteObjects: 0.013000 ms)

========================================================================
Received Prepare
Registering precompiled user dll's ...
Registered in 0.001043 seconds.
Begin MonoManager ReloadAssembly
Native extension for WindowsStandalone target not found
Native extension for OSXStandalone target not found
Refreshing native plugins compatible for Editor in 0.55 ms, found 1 plugins.
Preloading 0 native plugins for Editor in 0.00 ms.
Invoked RoslynAnalysisRunner static constructor.
RoslynAnalysisRunner will not be running.
RoslynAnalysisRunner has terminated.
Mono: successfully reloaded assembly
- Completed reload, in  0.791 seconds
Platform modules already initialized, skipping
Shader 'Universal Render Pipeline/Particles/Lit': fallback shader 'Universal Render Pipeline/Particles/SimpleLit' not found
Refreshing native plugins compatible for Editor in 0.58 ms, found 1 plugins.
Preloading 0 native plugins for Editor in 0.00 ms.
Unloading 3032 Unused Serialized files (Serialized files now loaded: 0)
System memory in use before: 153.3 MB.
System memory in use after: 153.5 MB.

Unloading 9 unused Assets to reduce memory usage. Loaded Objects now: 3714.
Total: 2.119000 ms (FindLiveObjects: 0.291300 ms CreateObjectMapping: 0.124800 ms MarkObjects: 1.689000 ms  DeleteObjects: 0.013000 ms)

========================================================================
Received Prepare
Registering precompiled user dll's ...
Registered in 0.001058 seconds.
Begin MonoManager ReloadAssembly
Native extension for WindowsStandalone target not found
Native extension for OSXStandalone target not found
Refreshing native plugins compatible for Editor in 0.55 ms, found 1 plugins.
Preloading 0 native plugins for Editor in 0.00 ms.
Invoked RoslynAnalysisRunner static constructor.
RoslynAnalysisRunner will not be running.
RoslynAnalysisRunner has terminated.
Mono: successfully reloaded assembly
- Completed reload, in  0.794 seconds
Platform modules already initialized, skipping
Shader 'Universal Render Pipeline/Particles/Lit': fallback shader 'Universal Render Pipeline/Particles/SimpleLit' not found
Refreshing native plugins compatible for Editor in 0.59 ms, found 1 plugins.
Preloading 0 native plugins for Editor in 0.00 ms.
Unloading 3032 Unused Serialized files (Serialized files now loaded: 0)
System memory in use before: 153.3 MB.
System memory in use after: 153.5 MB.

Unloading 9 unused Assets to reduce memory usage. Loaded Objects now: 3716.
Total: 2.355000 ms (FindLiveObjects: 0.391900 ms CreateObjectMapping: 0.177800 ms MarkObjects: 1.770800 ms  DeleteObjects: 0.013300 ms)

========================================================================
Received Prepare
Registering precompiled user dll's ...
Registered in 0.001332 seconds.
Begin MonoManager ReloadAssembly
Native extension for WindowsStandalone target not found
Native extension for OSXStandalone target not found
Refreshing native plugins compatible for Editor in 0.55 ms, found 1 plugins.
Preloading 0 native plugins for Editor in 0.00 ms.
Invoked RoslynAnalysisRunner static constructor.
RoslynAnalysisRunner will not be running.
RoslynAnalysisRunner has terminated.
Mono: successfully reloaded assembly
- Completed reload, in  0.886 seconds
Platform modules already initialized, skipping
Shader 'Universal Render Pipeline/Particles/Lit': fallback shader 'Universal Render Pipeline/Particles/SimpleLit' not found
Refreshing native plugins compatible for Editor in 0.55 ms, found 1 plugins.
Preloading 0 native plugins for Editor in 0.00 ms.
Unloading 3032 Unused Serialized files (Serialized files now loaded: 0)
System memory in use before: 153.3 MB.
System memory in use after: 153.5 MB.

Unloading 9 unused Assets to reduce memory usage. Loaded Objects now: 3718.
Total: 2.300400 ms (FindLiveObjects: 0.294500 ms CreateObjectMapping: 0.147000 ms MarkObjects: 1.843700 ms  DeleteObjects: 0.014300 ms)

========================================================================
Received Prepare
Registering precompiled user dll's ...
Registered in 0.001038 seconds.
Begin MonoManager ReloadAssembly
Native extension for WindowsStandalone target not found
Native extension for OSXStandalone target not found
Refreshing native plugins compatible for Editor in 0.61 ms, found 1 plugins.
Preloading 0 native plugins for Editor in 0.00 ms.
Invoked RoslynAnalysisRunner static constructor.
RoslynAnalysisRunner will not be running.
RoslynAnalysisRunner has terminated.
Mono: successfully reloaded assembly
- Completed reload, in  0.793 seconds
Platform modules already initialized, skipping
Shader 'Universal Render Pipeline/Particles/Lit': fallback shader 'Universal Render Pipeline/Particles/SimpleLit' not found
Refreshing native plugins compatible for Editor in 0.67 ms, found 1 plugins.
Preloading 0 native plugins for Editor in 0.00 ms.
Unloading 3032 Unused Serialized files (Serialized files now loaded: 0)
System memory in use before: 153.3 MB.
System memory in use after: 153.5 MB.

Unloading 9 unused Assets to reduce memory usage. Loaded Objects now: 3720.
Total: 2.095600 ms (FindLiveObjects: 0.255600 ms CreateObjectMapping: 0.117000 ms MarkObjects: 1.708900 ms  DeleteObjects: 0.013400 ms)

========================================================================
Received Prepare
Registering precompiled user dll's ...
Registered in 0.000989 seconds.
Begin MonoManager ReloadAssembly
Native extension for WindowsStandalone target not found
Native extension for OSXStandalone target not found
Refreshing native plugins compatible for Editor in 0.56 ms, found 1 plugins.
Preloading 0 native plugins for Editor in 0.00 ms.
Invoked RoslynAnalysisRunner static constructor.
RoslynAnalysisRunner will not be running.
RoslynAnalysisRunner has terminated.
Mono: successfully reloaded assembly
- Completed reload, in  0.775 seconds
Platform modules already initialized, skipping
Shader 'Universal Render Pipeline/Particles/Lit': fallback shader 'Universal Render Pipeline/Particles/SimpleLit' not found
Refreshing native plugins compatible for Editor in 0.61 ms, found 1 plugins.
Preloading 0 native plugins for Editor in 0.00 ms.
Unloading 3032 Unused Serialized files (Serialized files now loaded: 0)
System memory in use before: 153.3 MB.
System memory in use after: 153.5 MB.

Unloading 9 unused Assets to reduce memory usage. Loaded Objects now: 3722.
Total: 3.358300 ms (FindLiveObjects: 0.335600 ms CreateObjectMapping: 0.173400 ms MarkObjects: 2.830300 ms  DeleteObjects: 0.017500 ms)

========================================================================
Received Prepare
Registering precompiled user dll's ...
Registered in 0.001053 seconds.
Begin MonoManager ReloadAssembly
Native extension for WindowsStandalone target not found
Native extension for OSXStandalone target not found
Refreshing native plugins compatible for Editor in 0.55 ms, found 1 plugins.
Preloading 0 native plugins for Editor in 0.00 ms.
Invoked RoslynAnalysisRunner static constructor.
RoslynAnalysisRunner will not be running.
RoslynAnalysisRunner has terminated.
Mono: successfully reloaded assembly
- Completed reload, in  0.835 seconds
Platform modules already initialized, skipping
Shader 'Universal Render Pipeline/Particles/Lit': fallback shader 'Universal Render Pipeline/Particles/SimpleLit' not found
Refreshing native plugins compatible for Editor in 0.58 ms, found 1 plugins.
Preloading 0 native plugins for Editor in 0.00 ms.
Unloading 3032 Unused Serialized files (Serialized files now loaded: 0)
System memory in use before: 153.3 MB.
System memory in use after: 153.5 MB.

Unloading 9 unused Assets to reduce memory usage. Loaded Objects now: 3724.
Total: 2.692500 ms (FindLiveObjects: 0.427000 ms CreateObjectMapping: 0.194200 ms MarkObjects: 2.033900 ms  DeleteObjects: 0.036100 ms)

========================================================================
Received Prepare
Registering precompiled user dll's ...
Registered in 0.001029 seconds.
Begin MonoManager ReloadAssembly
Native extension for WindowsStandalone target not found
Native extension for OSXStandalone target not found
Refreshing native plugins compatible for Editor in 0.56 ms, found 1 plugins.
Preloading 0 native plugins for Editor in 0.00 ms.
Invoked RoslynAnalysisRunner static constructor.
RoslynAnalysisRunner will not be running.
RoslynAnalysisRunner has terminated.
Mono: successfully reloaded assembly
- Completed reload, in  0.904 seconds
Platform modules already initialized, skipping
Shader 'Universal Render Pipeline/Particles/Lit': fallback shader 'Universal Render Pipeline/Particles/SimpleLit' not found
Refreshing native plugins compatible for Editor in 0.68 ms, found 1 plugins.
Preloading 0 native plugins for Editor in 0.00 ms.
Unloading 3032 Unused Serialized files (Serialized files now loaded: 0)
System memory in use before: 153.3 MB.
System memory in use after: 153.5 MB.

Unloading 9 unused Assets to reduce memory usage. Loaded Objects now: 3726.
Total: 2.379700 ms (FindLiveObjects: 0.318800 ms CreateObjectMapping: 0.121000 ms MarkObjects: 1.924700 ms  DeleteObjects: 0.014400 ms)

========================================================================
Received Prepare
Registering precompiled user dll's ...
Registered in 0.001071 seconds.
Begin MonoManager ReloadAssembly
Native extension for WindowsStandalone target not found
Native extension for OSXStandalone target not found
Refreshing native plugins compatible for Editor in 0.61 ms, found 1 plugins.
Preloading 0 native plugins for Editor in 0.00 ms.
Invoked RoslynAnalysisRunner static constructor.
RoslynAnalysisRunner will not be running.
RoslynAnalysisRunner has terminated.
Mono: successfully reloaded assembly
- Completed reload, in  0.828 seconds
Platform modules already initialized, skipping
Shader 'Universal Render Pipeline/Particles/Lit': fallback shader 'Universal Render Pipeline/Particles/SimpleLit' not found
Refreshing native plugins compatible for Editor in 0.64 ms, found 1 plugins.
Preloading 0 native plugins for Editor in 0.00 ms.
Unloading 3032 Unused Serialized files (Serialized files now loaded: 0)
System memory in use before: 153.3 MB.
System memory in use after: 153.5 MB.

Unloading 9 unused Assets to reduce memory usage. Loaded Objects now: 3728.
Total: 2.285200 ms (FindLiveObjects: 0.312400 ms CreateObjectMapping: 0.122200 ms MarkObjects: 1.836400 ms  DeleteObjects: 0.013100 ms)

========================================================================
Received Prepare
Registering precompiled user dll's ...
Registered in 0.001112 seconds.
Begin MonoManager ReloadAssembly
Native extension for WindowsStandalone target not found
Native extension for OSXStandalone target not found
Refreshing native plugins compatible for Editor in 0.61 ms, found 1 plugins.
Preloading 0 native plugins for Editor in 0.00 ms.
Invoked RoslynAnalysisRunner static constructor.
RoslynAnalysisRunner will not be running.
RoslynAnalysisRunner has terminated.
Mono: successfully reloaded assembly
- Completed reload, in  0.823 seconds
Platform modules already initialized, skipping
Shader 'Universal Render Pipeline/Particles/Lit': fallback shader 'Universal Render Pipeline/Particles/SimpleLit' not found
Refreshing native plugins compatible for Editor in 0.55 ms, found 1 plugins.
Preloading 0 native plugins for Editor in 0.00 ms.
Unloading 3032 Unused Serialized files (Serialized files now loaded: 0)
System memory in use before: 153.3 MB.
System memory in use after: 153.6 MB.

Unloading 9 unused Assets to reduce memory usage. Loaded Objects now: 3730.
Total: 2.668900 ms (FindLiveObjects: 0.376200 ms CreateObjectMapping: 0.210200 ms MarkObjects: 2.049100 ms  DeleteObjects: 0.032000 ms)

========================================================================
Received Prepare
Registering precompiled user dll's ...
Registered in 0.001041 seconds.
Begin MonoManager ReloadAssembly
Native extension for WindowsStandalone target not found
Native extension for OSXStandalone target not found
Refreshing native plugins compatible for Editor in 0.54 ms, found 1 plugins.
Preloading 0 native plugins for Editor in 0.00 ms.
Invoked RoslynAnalysisRunner static constructor.
RoslynAnalysisRunner will not be running.
RoslynAnalysisRunner has terminated.
Mono: successfully reloaded assembly
- Completed reload, in  0.887 seconds
Platform modules already initialized, skipping
Shader 'Universal Render Pipeline/Particles/Lit': fallback shader 'Universal Render Pipeline/Particles/SimpleLit' not found
Refreshing native plugins compatible for Editor in 0.63 ms, found 1 plugins.
Preloading 0 native plugins for Editor in 0.00 ms.
Unloading 3032 Unused Serialized files (Serialized files now loaded: 0)
System memory in use before: 153.3 MB.
System memory in use after: 153.6 MB.

Unloading 9 unused Assets to reduce memory usage. Loaded Objects now: 3732.
Total: 2.436700 ms (FindLiveObjects: 0.440200 ms CreateObjectMapping: 0.192500 ms MarkObjects: 1.776200 ms  DeleteObjects: 0.027000 ms)

========================================================================
Received Prepare
Registering precompiled user dll's ...
Registered in 0.001036 seconds.
Begin MonoManager ReloadAssembly
Native extension for WindowsStandalone target not found
Native extension for OSXStandalone target not found
Refreshing native plugins compatible for Editor in 0.55 ms, found 1 plugins.
Preloading 0 native plugins for Editor in 0.00 ms.
Invoked RoslynAnalysisRunner static constructor.
RoslynAnalysisRunner will not be running.
RoslynAnalysisRunner has terminated.
Mono: successfully reloaded assembly
- Completed reload, in  0.850 seconds
Platform modules already initialized, skipping
Shader 'Universal Render Pipeline/Particles/Lit': fallback shader 'Universal Render Pipeline/Particles/SimpleLit' not found
Refreshing native plugins compatible for Editor in 0.64 ms, found 1 plugins.
Preloading 0 native plugins for Editor in 0.00 ms.
Unloading 3032 Unused Serialized files (Serialized files now loaded: 0)
System memory in use before: 153.3 MB.
System memory in use after: 153.6 MB.

Unloading 9 unused Assets to reduce memory usage. Loaded Objects now: 3734.
Total: 2.516000 ms (FindLiveObjects: 0.295800 ms CreateObjectMapping: 0.141700 ms MarkObjects: 2.059800 ms  DeleteObjects: 0.017600 ms)

========================================================================
Received Prepare
Registering precompiled user dll's ...
Registered in 0.001213 seconds.
Begin MonoManager ReloadAssembly
Native extension for WindowsStandalone target not found
Native extension for OSXStandalone target not found
Refreshing native plugins compatible for Editor in 0.58 ms, found 1 plugins.
Preloading 0 native plugins for Editor in 0.00 ms.
Invoked RoslynAnalysisRunner static constructor.
RoslynAnalysisRunner will not be running.
RoslynAnalysisRunner has terminated.
Mono: successfully reloaded assembly
- Completed reload, in  0.806 seconds
Platform modules already initialized, skipping
Shader 'Universal Render Pipeline/Particles/Lit': fallback shader 'Universal Render Pipeline/Particles/SimpleLit' not found
Refreshing native plugins compatible for Editor in 0.64 ms, found 1 plugins.
Preloading 0 native plugins for Editor in 0.00 ms.
Unloading 3032 Unused Serialized files (Serialized files now loaded: 0)
System memory in use before: 153.3 MB.
System memory in use after: 153.6 MB.

Unloading 9 unused Assets to reduce memory usage. Loaded Objects now: 3736.
Total: 2.349800 ms (FindLiveObjects: 0.346000 ms CreateObjectMapping: 0.174200 ms MarkObjects: 1.812500 ms  DeleteObjects: 0.015800 ms)

========================================================================
Received Prepare
Registering precompiled user dll's ...
Registered in 0.001032 seconds.
Begin MonoManager ReloadAssembly
Native extension for WindowsStandalone target not found
Native extension for OSXStandalone target not found
Refreshing native plugins compatible for Editor in 0.55 ms, found 1 plugins.
Preloading 0 native plugins for Editor in 0.00 ms.
Invoked RoslynAnalysisRunner static constructor.
RoslynAnalysisRunner will not be running.
RoslynAnalysisRunner has terminated.
Mono: successfully reloaded assembly
- Completed reload, in  0.889 seconds
Platform modules already initialized, skipping
Shader 'Universal Render Pipeline/Particles/Lit': fallback shader 'Universal Render Pipeline/Particles/SimpleLit' not found
Refreshing native plugins compatible for Editor in 0.55 ms, found 1 plugins.
Preloading 0 native plugins for Editor in 0.00 ms.
Unloading 3032 Unused Serialized files (Serialized files now loaded: 0)
System memory in use before: 153.3 MB.
System memory in use after: 153.6 MB.

Unloading 9 unused Assets to reduce memory usage. Loaded Objects now: 3738.
Total: 2.354900 ms (FindLiveObjects: 0.315500 ms CreateObjectMapping: 0.147200 ms MarkObjects: 1.875500 ms  DeleteObjects: 0.015300 ms)

========================================================================
Received Prepare
Registering precompiled user dll's ...
Registered in 0.001229 seconds.
Begin MonoManager ReloadAssembly
Native extension for WindowsStandalone target not found
Native extension for OSXStandalone target not found
Refreshing native plugins compatible for Editor in 0.55 ms, found 1 plugins.
Preloading 0 native plugins for Editor in 0.00 ms.
Invoked RoslynAnalysisRunner static constructor.
RoslynAnalysisRunner will not be running.
RoslynAnalysisRunner has terminated.
Mono: successfully reloaded assembly
- Completed reload, in  0.789 seconds
Platform modules already initialized, skipping
Shader 'Universal Render Pipeline/Particles/Lit': fallback shader 'Universal Render Pipeline/Particles/SimpleLit' not found
Refreshing native plugins compatible for Editor in 1.03 ms, found 1 plugins.
Preloading 0 native plugins for Editor in 0.00 ms.
Unloading 3032 Unused Serialized files (Serialized files now loaded: 0)
System memory in use before: 153.3 MB.
System memory in use after: 153.6 MB.

Unloading 9 unused Assets to reduce memory usage. Loaded Objects now: 3740.
Total: 2.348300 ms (FindLiveObjects: 0.307100 ms CreateObjectMapping: 0.147300 ms MarkObjects: 1.876000 ms  DeleteObjects: 0.016800 ms)

========================================================================
Received Prepare
Registering precompiled user dll's ...
Registered in 0.001282 seconds.
Begin MonoManager ReloadAssembly
Native extension for WindowsStandalone target not found
Native extension for OSXStandalone target not found
Refreshing native plugins compatible for Editor in 0.58 ms, found 1 plugins.
Preloading 0 native plugins for Editor in 0.00 ms.
Invoked RoslynAnalysisRunner static constructor.
RoslynAnalysisRunner will not be running.
RoslynAnalysisRunner has terminated.
Mono: successfully reloaded assembly
- Completed reload, in  0.990 seconds
Platform modules already initialized, skipping
Shader 'Universal Render Pipeline/Particles/Lit': fallback shader 'Universal Render Pipeline/Particles/SimpleLit' not found
Refreshing native plugins compatible for Editor in 0.56 ms, found 1 plugins.
Preloading 0 native plugins for Editor in 0.00 ms.
Unloading 3032 Unused Serialized files (Serialized files now loaded: 0)
System memory in use before: 153.4 MB.
System memory in use after: 153.6 MB.

Unloading 9 unused Assets to reduce memory usage. Loaded Objects now: 3742.
Total: 2.304900 ms (FindLiveObjects: 0.263500 ms CreateObjectMapping: 0.121000 ms MarkObjects: 1.891300 ms  DeleteObjects: 0.028300 ms)

========================================================================
Received Prepare
Registering precompiled user dll's ...
Registered in 0.001043 seconds.
Begin MonoManager ReloadAssembly
Native extension for WindowsStandalone target not found
Native extension for OSXStandalone target not found
Refreshing native plugins compatible for Editor in 0.58 ms, found 1 plugins.
Preloading 0 native plugins for Editor in 0.00 ms.
Invoked RoslynAnalysisRunner static constructor.
RoslynAnalysisRunner will not be running.
RoslynAnalysisRunner has terminated.
Mono: successfully reloaded assembly
- Completed reload, in  0.790 seconds
Platform modules already initialized, skipping
Shader 'Universal Render Pipeline/Particles/Lit': fallback shader 'Universal Render Pipeline/Particles/SimpleLit' not found
Refreshing native plugins compatible for Editor in 0.58 ms, found 1 plugins.
Preloading 0 native plugins for Editor in 0.00 ms.
Unloading 3032 Unused Serialized files (Serialized files now loaded: 0)
System memory in use before: 153.4 MB.
System memory in use after: 153.6 MB.

Unloading 9 unused Assets to reduce memory usage. Loaded Objects now: 3744.
Total: 2.463000 ms (FindLiveObjects: 0.320700 ms CreateObjectMapping: 0.156800 ms MarkObjects: 1.966700 ms  DeleteObjects: 0.017700 ms)

========================================================================
Received Prepare
Registering precompiled user dll's ...
Registered in 0.001038 seconds.
Begin MonoManager ReloadAssembly
Native extension for WindowsStandalone target not found
Native extension for OSXStandalone target not found
Refreshing native plugins compatible for Editor in 0.71 ms, found 1 plugins.
Preloading 0 native plugins for Editor in 0.00 ms.
Invoked RoslynAnalysisRunner static constructor.
RoslynAnalysisRunner will not be running.
RoslynAnalysisRunner has terminated.
Mono: successfully reloaded assembly
- Completed reload, in  1.097 seconds
Platform modules already initialized, skipping
Shader 'Universal Render Pipeline/Particles/Lit': fallback shader 'Universal Render Pipeline/Particles/SimpleLit' not found
Refreshing native plugins compatible for Editor in 0.57 ms, found 1 plugins.
Preloading 0 native plugins for Editor in 0.00 ms.
Unloading 3032 Unused Serialized files (Serialized files now loaded: 0)
System memory in use before: 153.4 MB.
System memory in use after: 153.6 MB.

Unloading 9 unused Assets to reduce memory usage. Loaded Objects now: 3746.
Total: 2.612000 ms (FindLiveObjects: 0.343000 ms CreateObjectMapping: 0.151100 ms MarkObjects: 2.081300 ms  DeleteObjects: 0.035300 ms)

========================================================================
Received Prepare
Registering precompiled user dll's ...
Registered in 0.001063 seconds.
Begin MonoManager ReloadAssembly
Native extension for WindowsStandalone target not found
Native extension for OSXStandalone target not found
Refreshing native plugins compatible for Editor in 0.55 ms, found 1 plugins.
Preloading 0 native plugins for Editor in 0.00 ms.
Invoked RoslynAnalysisRunner static constructor.
RoslynAnalysisRunner will not be running.
RoslynAnalysisRunner has terminated.
Mono: successfully reloaded assembly
- Completed reload, in  0.980 seconds
Platform modules already initialized, skipping
Shader 'Universal Render Pipeline/Particles/Lit': fallback shader 'Universal Render Pipeline/Particles/SimpleLit' not found
Refreshing native plugins compatible for Editor in 0.62 ms, found 1 plugins.
Preloading 0 native plugins for Editor in 0.00 ms.
Unloading 3032 Unused Serialized files (Serialized files now loaded: 0)
System memory in use before: 153.4 MB.
System memory in use after: 153.6 MB.

Unloading 9 unused Assets to reduce memory usage. Loaded Objects now: 3748.
Total: 2.488700 ms (FindLiveObjects: 0.343300 ms CreateObjectMapping: 0.165100 ms MarkObjects: 1.961500 ms  DeleteObjects: 0.017500 ms)

========================================================================
Received Prepare
Registering precompiled user dll's ...
Registered in 0.001109 seconds.
Begin MonoManager ReloadAssembly
Native extension for WindowsStandalone target not found
Native extension for OSXStandalone target not found
Refreshing native plugins compatible for Editor in 0.59 ms, found 1 plugins.
Preloading 0 native plugins for Editor in 0.00 ms.
Invoked RoslynAnalysisRunner static constructor.
RoslynAnalysisRunner will not be running.
RoslynAnalysisRunner has terminated.
Mono: successfully reloaded assembly
- Completed reload, in  0.845 seconds
Platform modules already initialized, skipping
Shader 'Universal Render Pipeline/Particles/Lit': fallback shader 'Universal Render Pipeline/Particles/SimpleLit' not found
Refreshing native plugins compatible for Editor in 0.74 ms, found 1 plugins.
Preloading 0 native plugins for Editor in 0.00 ms.
Unloading 3032 Unused Serialized files (Serialized files now loaded: 0)
System memory in use before: 153.4 MB.
System memory in use after: 153.6 MB.

Unloading 9 unused Assets to reduce memory usage. Loaded Objects now: 3750.
Total: 3.003500 ms (FindLiveObjects: 0.472000 ms CreateObjectMapping: 0.213400 ms MarkObjects: 2.296000 ms  DeleteObjects: 0.020400 ms)

========================================================================
Received Prepare
Registering precompiled user dll's ...
Registered in 0.001081 seconds.
Begin MonoManager ReloadAssembly
Native extension for WindowsStandalone target not found
Native extension for OSXStandalone target not found
Refreshing native plugins compatible for Editor in 0.55 ms, found 1 plugins.
Preloading 0 native plugins for Editor in 0.00 ms.
Invoked RoslynAnalysisRunner static constructor.
RoslynAnalysisRunner will not be running.
RoslynAnalysisRunner has terminated.
Mono: successfully reloaded assembly
- Completed reload, in  0.790 seconds
Platform modules already initialized, skipping
Shader 'Universal Render Pipeline/Particles/Lit': fallback shader 'Universal Render Pipeline/Particles/SimpleLit' not found
Refreshing native plugins compatible for Editor in 0.56 ms, found 1 plugins.
Preloading 0 native plugins for Editor in 0.00 ms.
Unloading 3032 Unused Serialized files (Serialized files now loaded: 0)
System memory in use before: 153.4 MB.
System memory in use after: 153.6 MB.

Unloading 9 unused Assets to reduce memory usage. Loaded Objects now: 3752.
Total: 2.207100 ms (FindLiveObjects: 0.383300 ms CreateObjectMapping: 0.124500 ms MarkObjects: 1.686000 ms  DeleteObjects: 0.012500 ms)

========================================================================
Received Prepare
Registering precompiled user dll's ...
Registered in 0.001084 seconds.
Begin MonoManager ReloadAssembly
Native extension for WindowsStandalone target not found
Native extension for OSXStandalone target not found
Refreshing native plugins compatible for Editor in 0.57 ms, found 1 plugins.
Preloading 0 native plugins for Editor in 0.00 ms.
Invoked RoslynAnalysisRunner static constructor.
RoslynAnalysisRunner will not be running.
RoslynAnalysisRunner has terminated.
Mono: successfully reloaded assembly
- Completed reload, in  0.820 seconds
Platform modules already initialized, skipping
Shader 'Universal Render Pipeline/Particles/Lit': fallback shader 'Universal Render Pipeline/Particles/SimpleLit' not found
Refreshing native plugins compatible for Editor in 0.63 ms, found 1 plugins.
Preloading 0 native plugins for Editor in 0.00 ms.
Unloading 3032 Unused Serialized files (Serialized files now loaded: 0)
System memory in use before: 153.4 MB.
System memory in use after: 153.6 MB.

Unloading 9 unused Assets to reduce memory usage. Loaded Objects now: 3754.
Total: 2.907300 ms (FindLiveObjects: 0.343100 ms CreateObjectMapping: 0.171800 ms MarkObjects: 2.376100 ms  DeleteObjects: 0.015000 ms)

========================================================================
Received Prepare
Registering precompiled user dll's ...
Registered in 0.001161 seconds.
Begin MonoManager ReloadAssembly
Native extension for WindowsStandalone target not found
Native extension for OSXStandalone target not found
Refreshing native plugins compatible for Editor in 0.55 ms, found 1 plugins.
Preloading 0 native plugins for Editor in 0.00 ms.
Invoked RoslynAnalysisRunner static constructor.
RoslynAnalysisRunner will not be running.
RoslynAnalysisRunner has terminated.
Mono: successfully reloaded assembly
- Completed reload, in  0.811 seconds
Platform modules already initialized, skipping
Shader 'Universal Render Pipeline/Particles/Lit': fallback shader 'Universal Render Pipeline/Particles/SimpleLit' not found
Refreshing native plugins compatible for Editor in 0.63 ms, found 1 plugins.
Preloading 0 native plugins for Editor in 0.00 ms.
Unloading 3032 Unused Serialized files (Serialized files now loaded: 0)
System memory in use before: 153.4 MB.
System memory in use after: 153.6 MB.

Unloading 9 unused Assets to reduce memory usage. Loaded Objects now: 3756.
Total: 2.951600 ms (FindLiveObjects: 0.562800 ms CreateObjectMapping: 0.179800 ms MarkObjects: 2.194100 ms  DeleteObjects: 0.014100 ms)

========================================================================
Received Prepare
Registering precompiled user dll's ...
Registered in 0.001175 seconds.
Begin MonoManager ReloadAssembly
Native extension for WindowsStandalone target not found
Native extension for OSXStandalone target not found
Refreshing native plugins compatible for Editor in 0.77 ms, found 1 plugins.
Preloading 0 native plugins for Editor in 0.00 ms.
Invoked RoslynAnalysisRunner static constructor.
RoslynAnalysisRunner will not be running.
RoslynAnalysisRunner has terminated.
Mono: successfully reloaded assembly
- Completed reload, in  0.781 seconds
Platform modules already initialized, skipping
Shader 'Universal Render Pipeline/Particles/Lit': fallback shader 'Universal Render Pipeline/Particles/SimpleLit' not found
Refreshing native plugins compatible for Editor in 0.64 ms, found 1 plugins.
Preloading 0 native plugins for Editor in 0.00 ms.
Unloading 3032 Unused Serialized files (Serialized files now loaded: 0)
System memory in use before: 153.4 MB.
System memory in use after: 153.6 MB.

Unloading 9 unused Assets to reduce memory usage. Loaded Objects now: 3758.
Total: 2.200600 ms (FindLiveObjects: 0.277100 ms CreateObjectMapping: 0.119500 ms MarkObjects: 1.791000 ms  DeleteObjects: 0.012000 ms)

========================================================================
Received Prepare
Registering precompiled user dll's ...
Registered in 0.001014 seconds.
Begin MonoManager ReloadAssembly
Native extension for WindowsStandalone target not found
Native extension for OSXStandalone target not found
Refreshing native plugins compatible for Editor in 0.54 ms, found 1 plugins.
Preloading 0 native plugins for Editor in 0.00 ms.
Invoked RoslynAnalysisRunner static constructor.
RoslynAnalysisRunner will not be running.
RoslynAnalysisRunner has terminated.
Mono: successfully reloaded assembly
- Completed reload, in  0.775 seconds
Platform modules already initialized, skipping
Shader 'Universal Render Pipeline/Particles/Lit': fallback shader 'Universal Render Pipeline/Particles/SimpleLit' not found
Refreshing native plugins compatible for Editor in 0.57 ms, found 1 plugins.
Preloading 0 native plugins for Editor in 0.00 ms.
Unloading 3032 Unused Serialized files (Serialized files now loaded: 0)
System memory in use before: 153.4 MB.
System memory in use after: 153.6 MB.

Unloading 9 unused Assets to reduce memory usage. Loaded Objects now: 3760.
Total: 2.262200 ms (FindLiveObjects: 0.267200 ms CreateObjectMapping: 0.134700 ms MarkObjects: 1.831800 ms  DeleteObjects: 0.027500 ms)

========================================================================
Received Prepare
Registering precompiled user dll's ...
Registered in 0.001060 seconds.
Begin MonoManager ReloadAssembly
Native extension for WindowsStandalone target not found
Native extension for OSXStandalone target not found
Refreshing native plugins compatible for Editor in 0.55 ms, found 1 plugins.
Preloading 0 native plugins for Editor in 0.00 ms.
Invoked RoslynAnalysisRunner static constructor.
RoslynAnalysisRunner will not be running.
RoslynAnalysisRunner has terminated.
Mono: successfully reloaded assembly
- Completed reload, in  0.901 seconds
Platform modules already initialized, skipping
Shader 'Universal Render Pipeline/Particles/Lit': fallback shader 'Universal Render Pipeline/Particles/SimpleLit' not found
Refreshing native plugins compatible for Editor in 0.55 ms, found 1 plugins.
Preloading 0 native plugins for Editor in 0.00 ms.
Unloading 3032 Unused Serialized files (Serialized files now loaded: 0)
System memory in use before: 153.4 MB.
System memory in use after: 153.6 MB.

Unloading 9 unused Assets to reduce memory usage. Loaded Objects now: 3762.
Total: 2.445500 ms (FindLiveObjects: 0.343600 ms CreateObjectMapping: 0.139700 ms MarkObjects: 1.946700 ms  DeleteObjects: 0.014600 ms)

========================================================================
Received Prepare
Registering precompiled user dll's ...
Registered in 0.001107 seconds.
Begin MonoManager ReloadAssembly
Native extension for WindowsStandalone target not found
Native extension for OSXStandalone target not found
Refreshing native plugins compatible for Editor in 0.56 ms, found 1 plugins.
Preloading 0 native plugins for Editor in 0.00 ms.
Invoked RoslynAnalysisRunner static constructor.
RoslynAnalysisRunner will not be running.
RoslynAnalysisRunner has terminated.
Mono: successfully reloaded assembly
- Completed reload, in  0.888 seconds
Platform modules already initialized, skipping
Shader 'Universal Render Pipeline/Particles/Lit': fallback shader 'Universal Render Pipeline/Particles/SimpleLit' not found
Refreshing native plugins compatible for Editor in 0.68 ms, found 1 plugins.
Preloading 0 native plugins for Editor in 0.00 ms.
Unloading 3032 Unused Serialized files (Serialized files now loaded: 0)
System memory in use before: 153.4 MB.
System memory in use after: 153.6 MB.

Unloading 9 unused Assets to reduce memory usage. Loaded Objects now: 3764.
Total: 2.753000 ms (FindLiveObjects: 0.427800 ms CreateObjectMapping: 0.215300 ms MarkObjects: 2.072500 ms  DeleteObjects: 0.035800 ms)

========================================================================
Received Prepare
Registering precompiled user dll's ...
Registered in 0.001048 seconds.
Begin MonoManager ReloadAssembly
Native extension for WindowsStandalone target not found
Native extension for OSXStandalone target not found
Refreshing native plugins compatible for Editor in 0.91 ms, found 1 plugins.
Preloading 0 native plugins for Editor in 0.00 ms.
Invoked RoslynAnalysisRunner static constructor.
RoslynAnalysisRunner will not be running.
RoslynAnalysisRunner has terminated.
Mono: successfully reloaded assembly
- Completed reload, in  0.969 seconds
Platform modules already initialized, skipping
Shader 'Universal Render Pipeline/Particles/Lit': fallback shader 'Universal Render Pipeline/Particles/SimpleLit' not found
Refreshing native plugins compatible for Editor in 0.57 ms, found 1 plugins.
Preloading 0 native plugins for Editor in 0.00 ms.
Unloading 3032 Unused Serialized files (Serialized files now loaded: 0)
System memory in use before: 153.4 MB.
System memory in use after: 153.6 MB.

Unloading 9 unused Assets to reduce memory usage. Loaded Objects now: 3766.
Total: 2.406800 ms (FindLiveObjects: 0.311700 ms CreateObjectMapping: 0.140600 ms MarkObjects: 1.937900 ms  DeleteObjects: 0.015700 ms)

========================================================================
Received Import Request.
  Time since last request: 3138.709974 seconds.
  path: Assets/Scripts/SceneManagerScript/SceneManagerScript.cs
  artifactKey: Guid(573ac57ac19e4dd4f8621da92f8cf8e8) Importer(815301076,1909f56bfc062723c751e8b465ee728b)
Start importing Assets/Scripts/SceneManagerScript/SceneManagerScript.cs using Guid(573ac57ac19e4dd4f8621da92f8cf8e8) Importer(815301076,1909f56bfc062723c751e8b465ee728b)  -> (artifact id: '60b3ad8b950fc190c980702fad9b9539') in 0.006012 seconds
  Import took 0.010835 seconds .

========================================================================
Received Import Request.
  Time since last request: 6.291951 seconds.
  path: Assets/Scripts/PlayerBulletScripts/PlayerBulletManagerScript.cs
  artifactKey: Guid(c60a635c507aeb741803b1118176efc7) Importer(815301076,1909f56bfc062723c751e8b465ee728b)
Start importing Assets/Scripts/PlayerBulletScripts/PlayerBulletManagerScript.cs using Guid(c60a635c507aeb741803b1118176efc7) Importer(815301076,1909f56bfc062723c751e8b465ee728b)  -> (artifact id: '8d7de34fedc4c9446b79e5a4033d15df') in 0.001522 seconds
  Import took 0.006668 seconds .

========================================================================
Received Import Request.
  Time since last request: 0.001850 seconds.
  path: Assets/Scripts/PlayerBulletScripts/PlayerBulletManagerScript.cs
  artifactKey: Guid(c60a635c507aeb741803b1118176efc7) Importer(815301076,1909f56bfc062723c751e8b465ee728b)
Start importing Assets/Scripts/PlayerBulletScripts/PlayerBulletManagerScript.cs using Guid(c60a635c507aeb741803b1118176efc7) Importer(815301076,1909f56bfc062723c751e8b465ee728b)  -> (artifact id: '8d7de34fedc4c9446b79e5a4033d15df') in 0.001264 seconds
  Import took 0.005586 seconds .

========================================================================
Received Import Request.
  Time since last request: 24.948401 seconds.
  path: Assets/Scripts/PlayerBulletScripts/PlayerBulletManagerScript.cs
  artifactKey: Guid(c60a635c507aeb741803b1118176efc7) Importer(815301076,1909f56bfc062723c751e8b465ee728b)
Start importing Assets/Scripts/PlayerBulletScripts/PlayerBulletManagerScript.cs using Guid(c60a635c507aeb741803b1118176efc7) Importer(815301076,1909f56bfc062723c751e8b465ee728b)  -> (artifact id: 'f9f50818ba4f91e1198efd76b981e789') in 0.001448 seconds
  Import took 0.006437 seconds .

========================================================================
Received Import Request.
  Time since last request: 0.001047 seconds.
  path: Assets/Scripts/PlayerBulletScripts/PlayerBulletManagerScript.cs
  artifactKey: Guid(c60a635c507aeb741803b1118176efc7) Importer(815301076,1909f56bfc062723c751e8b465ee728b)
Start importing Assets/Scripts/PlayerBulletScripts/PlayerBulletManagerScript.cs using Guid(c60a635c507aeb741803b1118176efc7) Importer(815301076,1909f56bfc062723c751e8b465ee728b)  -> (artifact id: 'f9f50818ba4f91e1198efd76b981e789') in 0.001354 seconds
  Import took 0.006159 seconds .

========================================================================
Received Prepare
Registering precompiled user dll's ...
Registered in 0.001208 seconds.
Begin MonoManager ReloadAssembly
Native extension for WindowsStandalone target not found
Native extension for OSXStandalone target not found
Refreshing native plugins compatible for Editor in 0.54 ms, found 1 plugins.
Preloading 0 native plugins for Editor in 0.00 ms.
Invoked RoslynAnalysisRunner static constructor.
RoslynAnalysisRunner will not be running.
RoslynAnalysisRunner has terminated.
Mono: successfully reloaded assembly
- Completed reload, in  0.910 seconds
Platform modules already initialized, skipping
Shader 'Universal Render Pipeline/Particles/Lit': fallback shader 'Universal Render Pipeline/Particles/SimpleLit' not found
Refreshing native plugins compatible for Editor in 0.54 ms, found 1 plugins.
Preloading 0 native plugins for Editor in 0.00 ms.
Unloading 3032 Unused Serialized files (Serialized files now loaded: 0)
System memory in use before: 153.4 MB.
System memory in use after: 153.7 MB.

Unloading 9 unused Assets to reduce memory usage. Loaded Objects now: 3768.
Total: 2.861500 ms (FindLiveObjects: 0.356700 ms CreateObjectMapping: 0.185300 ms MarkObjects: 2.299000 ms  DeleteObjects: 0.019100 ms)

========================================================================
Received Prepare
Registering precompiled user dll's ...
Registered in 0.001002 seconds.
Begin MonoManager ReloadAssembly
Native extension for WindowsStandalone target not found
Native extension for OSXStandalone target not found
Refreshing native plugins compatible for Editor in 0.54 ms, found 1 plugins.
Preloading 0 native plugins for Editor in 0.00 ms.
Invoked RoslynAnalysisRunner static constructor.
RoslynAnalysisRunner will not be running.
RoslynAnalysisRunner has terminated.
Mono: successfully reloaded assembly
- Completed reload, in  0.869 seconds
Platform modules already initialized, skipping
Shader 'Universal Render Pipeline/Particles/Lit': fallback shader 'Universal Render Pipeline/Particles/SimpleLit' not found
Refreshing native plugins compatible for Editor in 0.54 ms, found 1 plugins.
Preloading 0 native plugins for Editor in 0.00 ms.
Unloading 3032 Unused Serialized files (Serialized files now loaded: 0)
System memory in use before: 153.4 MB.
System memory in use after: 153.7 MB.

Unloading 9 unused Assets to reduce memory usage. Loaded Objects now: 3770.
Total: 2.105100 ms (FindLiveObjects: 0.253900 ms CreateObjectMapping: 0.119300 ms MarkObjects: 1.718000 ms  DeleteObjects: 0.012900 ms)

AssetImportWorkerClient::OnTransportError - code=2 error=End of file
